
2016-10-02 16:54:43
[netSave]:{"Version":"10","CmdId":"NetSave","MerCustId":"6000060001873824","UsrCustId":"6000060002809750","OrdId":"147539848335135","OrdDate":"20161002","GateBusiId":"B2C","OpenBankId":"BOC","DcFlag":"D","TransAmt":"1000.00","RetUrl":"","BgRetUrl":"http:\/\/www.antxd.com\/Hfcenter\/apiBackRecharge","MerPriv":"19","ChkValue":"8F47D21F8E4A2525E68094F52649F7AE001FB18D1A94B0552E97BA605129F4F3190B05C544493E81AA9A3CF7AA1B73F580CA125103DD21806AC4AD5858B721F11091D2F1E2C466C15C99084B1C0F13E4897AFA7FABB99C1BE088FB34BF535B4A2E0B38A0A1E5932AF207FEC54770327AC5D3649AE931A2598DFC4FB74A684966"}
[checkValue]:10NetSave6000060001873824600006000280975014753984833513520161002B2CBOCD1000.00http://www.antxd.com/Hfcenter/apiBackRecharge19
2016-10-02 16:54:56
[netSave]:{"Version":"10","CmdId":"NetSave","MerCustId":"6000060001873824","UsrCustId":"6000060002809750","OrdId":"147539849682146","OrdDate":"20161002","GateBusiId":"B2C","OpenBankId":"BOC","DcFlag":"D","TransAmt":"1000.00","RetUrl":"","BgRetUrl":"http:\/\/www.antxd.com\/Hfcenter\/apiBackRecharge","MerPriv":"19","ChkValue":"CCCBE5C82B8FDFC508891D00F51580C8495067DDB1B08876C342DE93A519F73F1C7559DFDC5BF1547CB5C393CC703046441EC1C2FC63327D18E62477BDE9F107C32ACEE160040E8F02D0C4102C45427B0F9A9A104DF5DE358190A7EBAF868D632732926B9E7905DCC2BF4B6EBDB497CB924CE887C48CF807C4A4FB43C1FA32BA"}
[checkValue]:10NetSave6000060001873824600006000280975014753984968214620161002B2CBOCD1000.00http://www.antxd.com/Hfcenter/apiBackRecharge19
2016-10-02 16:55:09
[netSave]:{"Version":"10","CmdId":"NetSave","MerCustId":"6000060001873824","UsrCustId":"6000060002809750","OrdId":"147539850927788","OrdDate":"20161002","GateBusiId":"B2C","OpenBankId":"BOC","DcFlag":"D","TransAmt":"100.00","RetUrl":"","BgRetUrl":"http:\/\/www.antxd.com\/Hfcenter\/apiBackRecharge","MerPriv":"19","ChkValue":"245424EDACFCC563AF7D5C8A7B24C5ACA0DBC2D7C98F08A61B413996ED92F24F1D5FF76EBD0B1CBF531718B638EF64CA3D5BD8A7A4D1F025D8C6E3243B097F1DBF25D7CE96ACFB3AE86C8A8CF1C32542EF9D87EF6423AAA6EC15F743FC00FF477EAC74EFB20312F25EB2FC26E2A548A9717110DEC0414248693427FB5075F0D3"}
[checkValue]:10NetSave6000060001873824600006000280975014753985092778820161002B2CBOCD100.00http://www.antxd.com/Hfcenter/apiBackRecharge19
2016-10-02 18:28:48
[netSave]:{"Version":"10","CmdId":"NetSave","MerCustId":"6000060001873824","UsrCustId":"6000060002809750","OrdId":"147540412812062","OrdDate":"20161002","GateBusiId":"B2C","OpenBankId":"BOS","DcFlag":"D","TransAmt":"10000.00","RetUrl":"","BgRetUrl":"http:\/\/www.antxd.com\/Hfcenter\/apiBackRecharge","MerPriv":"19","ChkValue":"7B94DB850E56223F59F2996E7C7678208A96361BEA0567EFE6031FF671AE09361E5A736D584CBA2E9399118C5C314DB0DA1AFE2682DF0CE93D0D24EB181063F3E94174EBB78468EC87C319BFC38827029E950AD56021CACD6F4368DCE5B258531E244BC7BFFB826E25C9D997626A23D816A4D3C16C2DA8F69DA0BD449A05DA8E"}
[checkValue]:10NetSave6000060001873824600006000280975014754041281206220161002B2CBOSD10000.00http://www.antxd.com/Hfcenter/apiBackRecharge19
2016-10-02 18:33:38
[netSave]:{"Version":"10","CmdId":"NetSave","MerCustId":"6000060001873824","UsrCustId":"6000060002809750","OrdId":"147540441815755","OrdDate":"20161002","GateBusiId":"B2C","OpenBankId":"BOC","DcFlag":"D","TransAmt":"3213.00","RetUrl":"","BgRetUrl":"http:\/\/www.antxd.com\/Hfcenter\/apiBackRecharge","MerPriv":"19","ChkValue":"A7BC5B9DE9419AD8FE5956330E2DAA4D83AB0006BA1CB401D3F21C89937F6F42B5AE82B676B6CCAC9A4B8F0A4A5C2366893B737BE86DFA7762478B54CEE520BC10A532B33C5970CB653F7309473A0083019DF89980DA05B49F5B96DD1AF605AA85CBBA00FF091348F1B98313D22C159B461BC021561ACF8814832F5A78ED1303"}
[checkValue]:10NetSave6000060001873824600006000280975014754044181575520161002B2CBOCD3213.00http://www.antxd.com/Hfcenter/apiBackRecharge19
2016-10-02 18:35:19
[netSave]:{"Version":"10","CmdId":"NetSave","MerCustId":"6000060001873824","UsrCustId":"6000060002809750","OrdId":"147540451915160","OrdDate":"20161002","GateBusiId":"B2C","OpenBankId":"BOCOM","DcFlag":"D","TransAmt":"4324.00","RetUrl":"","BgRetUrl":"http:\/\/www.antxd.com\/Hfcenter\/apiBackRecharge","MerPriv":"19","ChkValue":"8B6065F610394077B67BC72E2F0A933D3D1D8EB036A5291725328BF64DBBBB53AB30FA4D24F1AC0D4CB94996DDB6F97A3D7CF12FE538185187B7EB77B7F19EA6BEF3DD8ED51FDA7A0D2E460BB0C9F4EA32EA783EC75C7D29E03806669E6CB219804E0C1F1D6FC1BE079CBFB52358F83323B731C491D76889BE9A1ECEC07DFA0E"}
[checkValue]:10NetSave6000060001873824600006000280975014754045191516020161002B2CBOCOMD4324.00http://www.antxd.com/Hfcenter/apiBackRecharge19
2016-10-02 18:36:20
[netSave]:{"Version":"10","CmdId":"NetSave","MerCustId":"6000060001873824","UsrCustId":"6000060002809750","OrdId":"147540458081992","OrdDate":"20161002","GateBusiId":"B2C","OpenBankId":"CMB","DcFlag":"D","TransAmt":"143435.00","RetUrl":"","BgRetUrl":"http:\/\/www.antxd.com\/Hfcenter\/apiBackRecharge","MerPriv":"19","ChkValue":"63A962C1C877CD844AA6C9871187707620FDBACA4E69241A48F04F24BBB913F438392B7B185C006F4B31DED8E311A7E122A387B9A5BF09A9116487A734440E194B6982DE2C9643B01871E15CD405BE42C7A09A9079CA20D21BBC09357728E51BECA71B8B5C69139782ED0169231A812B5CAB97847D1249B6976503B7C3765921"}
[checkValue]:10NetSave6000060001873824600006000280975014754045808199220161002B2CCMBD143435.00http://www.antxd.com/Hfcenter/apiBackRecharge19
2016-10-02 18:36:32
[netSave]:{"Version":"10","CmdId":"NetSave","MerCustId":"6000060001873824","UsrCustId":"6000060002809750","OrdId":"147540459265768","OrdDate":"20161002","GateBusiId":"FPAY","OpenBankId":null,"DcFlag":"D","TransAmt":"4324.00","RetUrl":"","BgRetUrl":"http:\/\/www.antxd.com\/Hfcenter\/apiBackRecharge","MerPriv":"19","ChkValue":"C166DE07DC2A085DF3A5C2359C5A1FB2F0F58997C607D9BB4A83FC4F50806AD6104DDF3560B490B2181B69D00C08CB6EED0510C487B68B35F88CD353F5742838C2373712061AB7C732265D152EBD17CC9C20F1D82961B107AB3E50CFEF1B1F2E4D344F8C81D4BECD767C7FCD365A4B4069621C1DC9D2D5C9DB3A7C5DD590FC20"}
[checkValue]:10NetSave6000060001873824600006000280975014754045926576820161002FPAYD4324.00http://www.antxd.com/Hfcenter/apiBackRecharge19
2016-10-02 18:42:33
[netSave]:{"Version":"10","CmdId":"NetSave","MerCustId":"6000060001873824","UsrCustId":"6000060002809750","OrdId":"147540495369318","OrdDate":"20161002","GateBusiId":"B2B","OpenBankId":"CMB","DcFlag":"D","TransAmt":"3493.00","RetUrl":"","BgRetUrl":"http:\/\/www.antxd.com\/Hfcenter\/apiBackRecharge","MerPriv":"19","ChkValue":"1EEB01F61C4E67AC944BBBF20303A72F8E417F40F5C1CCEA0CC2DDF8AB1629F25F2D4913FABC8AA3CE391A79C53E0ECDE04D91EAA12E8FDE872A905795F9DE18A472613091933B1F1938C919B3D0578098E8B87D43C1D67AE2AA97E9D3D44D201CD15F45DD9AFB9BDE9305877B9AEAC291E274864C82F9802AAD395689C67D8B"}
[checkValue]:10NetSave6000060001873824600006000280975014754049536931820161002B2BCMBD3493.00http://www.antxd.com/Hfcenter/apiBackRecharge19
2016-10-02 18:43:17
[netSave]:{"Version":"10","CmdId":"NetSave","MerCustId":"6000060001873824","UsrCustId":"6000060002809750","OrdId":"147540499733065","OrdDate":"20161002","GateBusiId":"B2C","OpenBankId":"CMB","DcFlag":"D","TransAmt":"4324.00","RetUrl":"","BgRetUrl":"http:\/\/www.antxd.com\/Hfcenter\/apiBackRecharge","MerPriv":"19","ChkValue":"19D6379B256CE7F3C801724EFE2FA09F39FE074108E07398A2B8400D179DAF575D9C05E5F4B8893FFE9D2068496395436A0DB001D74F9580A37CA228D3F131C8E1DDF73FA5545F758E6F3D4C9891FCD2C9B975F2A969903526C5DD3BF9FEBE9380AC51CCA5AD966D6D64C976A5C142EC6B828DAFAF27FE06B9FA0D8D51DB414F"}
[checkValue]:10NetSave6000060001873824600006000280975014754049973306520161002B2CCMBD4324.00http://www.antxd.com/Hfcenter/apiBackRecharge19
2016-10-02 18:44:36
[netSave]:{"Version":"10","CmdId":"NetSave","MerCustId":"6000060001873824","UsrCustId":"6000060002809750","OrdId":"147540507671457","OrdDate":"20161002","GateBusiId":"QP","OpenBankId":null,"DcFlag":"D","TransAmt":"76547.00","RetUrl":"","BgRetUrl":"http:\/\/www.antxd.com\/Hfcenter\/apiBackRecharge","MerPriv":"19","ChkValue":"182471BE317A08E95EDC82664163CE609E0911BC0A689A5C69B0558404ADC926698E3B156B20EF310E2D90FD77078A62861124E0FD94D778A7B72A0DA35DB11A564FDBEBD033D6FC05A82883BDA2209B84095AC45363B864A6B1E6551EE6E84B675DBB709CEC69E510C1E21DBCB3400F0F86B4AAF13C7CD3394AE2ACB4237BC5"}
[checkValue]:10NetSave6000060001873824600006000280975014754050767145720161002QPD76547.00http://www.antxd.com/Hfcenter/apiBackRecharge19
2016-10-02 18:44:54
[netSave]:{"Version":"10","CmdId":"NetSave","MerCustId":"6000060001873824","UsrCustId":"6000060002809750","OrdId":"147540509418659","OrdDate":"20161002","GateBusiId":"B2C","OpenBankId":"CCB","DcFlag":"D","TransAmt":"5436.00","RetUrl":"","BgRetUrl":"http:\/\/www.antxd.com\/Hfcenter\/apiBackRecharge","MerPriv":"19","ChkValue":"19CB6DBC995AEF753A642E34C111FEAED4224665CA99334907763CCA3A7D0FCDD70D57EC4A5ADEB23E20BF56F843188302FB3D32CC35408328BA7CE4171835B21239D8F24D955F033F4FF179671D37FA76BB66A848DEF8BA4F5E964F37CE17F4E98A5AF3E74B4CD31C2D066AE9E0A5CDB7FD7C6176CCFFB621BE470476908AC1"}
[checkValue]:10NetSave6000060001873824600006000280975014754050941865920161002B2CCCBD5436.00http://www.antxd.com/Hfcenter/apiBackRecharge19
2016-10-02 18:46:08
[netSave]:{"Version":"10","CmdId":"NetSave","MerCustId":"6000060001873824","UsrCustId":"6000060002809750","OrdId":"147540516820389","OrdDate":"20161002","GateBusiId":"B2C","OpenBankId":"CIB","DcFlag":"D","TransAmt":"546547.00","RetUrl":"","BgRetUrl":"http:\/\/www.antxd.com\/Hfcenter\/apiBackRecharge","MerPriv":"19","ChkValue":"0F30A374EBA7660FC9E6CAC5D46902F06FF900B3582405C7BDEBD01EB99DBCF18E06C540BDD1ACE70BF2A78E52F74D364A2D0238623D5E9D3FF159933F9E6B472161A1312E974FE214A93E91875739EB1D44184636E9C1DF9971E8035614B473B4323821805FE7A266A73DC8504AB1D22EADAE0EFC7A68BD27C37A7B6D6D1A8B"}
[checkValue]:10NetSave6000060001873824600006000280975014754051682038920161002B2CCIBD546547.00http://www.antxd.com/Hfcenter/apiBackRecharge19
2016-10-02 18:47:01
[netSave]:{"Version":"10","CmdId":"NetSave","MerCustId":"6000060001873824","UsrCustId":"6000060002809750","OrdId":"147540522110280","OrdDate":"20161002","GateBusiId":"B2C","OpenBankId":"CIB","DcFlag":"D","TransAmt":"65436.00","RetUrl":"","BgRetUrl":"http:\/\/www.antxd.com\/Hfcenter\/apiBackRecharge","MerPriv":"19","ChkValue":"8B3C2E86696389C541F0B9F0566538723365CA7D4D1A710C1E270E3B6E19FF270BF88FBDD90A1731DD0C225D287E950E051E4D78DD1EF4A88C445713E07126A1C0648CAC9EDECDA71FCB50A6BA95CD85603342CEEE0707359F5FB203B3CD6E264EB390B14FF80702365D4CFBB129D698462C79C9B7A779F70AF124538E32D877"}
[checkValue]:10NetSave6000060001873824600006000280975014754052211028020161002B2CCIBD65436.00http://www.antxd.com/Hfcenter/apiBackRecharge19
2016-10-02 18:47:12
[netSave]:{"Version":"10","CmdId":"NetSave","MerCustId":"6000060001873824","UsrCustId":"6000060002809750","OrdId":"147540523258284","OrdDate":"20161002","GateBusiId":"QP","OpenBankId":"BOS","DcFlag":"D","TransAmt":"68594.00","RetUrl":"","BgRetUrl":"http:\/\/www.antxd.com\/Hfcenter\/apiBackRecharge","MerPriv":"19","ChkValue":"31243C50E974109B36B14EC362AE6D6705FE2433F0576AA3D7F0935DD6CD0DD2E3A00F8DBF8AED0C8D6247000034321736A7E606B74F00D1C30AC613F12C32F2BA1615A1CCD74349D6BCFBA4B1848AC66A95E6A2CEF74FF8400B1DF3116C39D130470D8FF4DE452F838407A5E577C85520E801504EC5D25E1C30E5C6836A88A8"}
[checkValue]:10NetSave6000060001873824600006000280975014754052325828420161002QPBOSD68594.00http://www.antxd.com/Hfcenter/apiBackRecharge19
2016-10-02 19:11:29
[netSave]:{"Version":"10","CmdId":"NetSave","MerCustId":"6000060001873824","UsrCustId":"6000060002809750","OrdId":"147540668997478","OrdDate":"20161002","GateBusiId":"QP","OpenBankId":"CEB","DcFlag":"D","TransAmt":"3214.00","RetUrl":"","BgRetUrl":"http:\/\/www.antxd.com\/Hfcenter\/apiBackRecharge","MerPriv":"19","ChkValue":"D80009785DA4021567B6AD9F1E3339355F7FE88ABC46C19458EF461C6D7B750A9BA3BE185E1D559D03A9FD421A72CE7230FD38E19487AF22ACD625EC35B6B636786BB6BF0E0112FF7C05DE951A8CCDC5CBFF596DFFD67E05A01424176BDCBE6DAA637125F654D9014A751707EBE48BBB8F57909E46F5DFCAF18FE271FEF9ECF6"}
[checkValue]:10NetSave6000060001873824600006000280975014754066899747820161002QPCEBD3214.00http://www.antxd.com/Hfcenter/apiBackRecharge19
2016-10-02 20:53:23
[cash]:{"Version":"20","CmdId":"Cash","MerCustId":"6000060001873824","OrdId":"147541280300548","UsrCustId":"6000060002851105","TransAmt":"94999.00","ServFee":"","ServFeeAcctId":"","OpenAcctId":"","RetUrl":"","BgRetUrl":"http:\/\/admin.antxd.com\/Hfcenter\/apiBackGetCash","Remark":"","CharSet":"","MerPriv":"27","ReqExt":"[{\"CashChl\":\"GENERAL\"}]","ChkValue":"15E8F66441BDD452796FEA30C95D63DAAC17B21179901799EE556645ACCCB4C1C43F5672A9A86B89B95FDAE70BB53B3D3B9739CBB371682E4F856A0ACAAE971B20AB510187DF69F94576F672157CC2D959F1D70D712857AB93FE52050B8C1239CF01D268A79EAAA2CA6510FAFC0F972E7269A1D5BEE4E3EB74DC33703A7EA28B"}
[checkValue]:20Cash6000060001873824147541280300548600006000285110594999.00http://admin.antxd.com/Hfcenter/apiBackGetCash27[{"CashChl":"GENERAL"}]
2016-10-02 20:53:23
[apiBackGetCash-admin] error_code : 410 
2016-10-02 20:53:37
[userBindCard]:{"Version":"10","CmdId":"UserBindCard","MerCustId":"6000060001873824","UsrCustId":"6000060002851105","BgRetUrl":"http:\/\/admin.antxd.com\/Hfcenter\/apiBackBid","MerPriv":"27","ChkValue":"2955A44AA8C6ACA8EC1045EA87DFBD38EF99810D6854F236462604DC043B726082A80AC2C75E7BBCD45F4BE7E6F1C3B1BD9D8EF0731D5800C5892E2D267512927BBD360D3BF76AC7182CFE8753B884A198EC0A8BD6C8EAF72FEC3E7AB8E5AB3AD534DF0B71FDAF96B9DD4D66C5BEF04A118AA588AF84662134B4A5873D9D42E5"}
[checkValue]:10UserBindCard60000600018738246000060002851105http://admin.antxd.com/Hfcenter/apiBackBid27
2016-10-02 20:53:57
[apiBackBid] {"BgRetUrl":"http:\/\/admin.antxd.com\/Hfcenter\/apiBackBid","ChkValue":"05F33A55A37CB5A779402E4FF3809990D58ED7C96EA4ECC481EEA10D48E5421FF4F1A695F489DB3242D85D52BC67C96AA87BA1935C4E4CBCBB333A48772390F3B6156C04BB70090BE8BBB65B70E9BE1C9C2E255898FCEDB0F0EF1933C44FE2B8DD739C4A8DCA5FB91371D063B76604907E313F46FD82763C62AF965B73817211","CmdId":"UserBindCard","MerCustId":"6000060001873824","MerPriv":"27","OpenAcctId":"62258843243253443212","OpenBankId":"CMB","RespCode":"000","RespDesc":"\u6210\u529f","TrxId":"909466348092037231","UsrCustId":"6000060002851105"}
2016-10-02 20:54:09
[cash]:{"Version":"20","CmdId":"Cash","MerCustId":"6000060001873824","OrdId":"147541284960224","UsrCustId":"6000060002851105","TransAmt":"94999.00","ServFee":"","ServFeeAcctId":"","OpenAcctId":"","RetUrl":"","BgRetUrl":"http:\/\/admin.antxd.com\/Hfcenter\/apiBackGetCash","Remark":"","CharSet":"","MerPriv":"27","ReqExt":"[{\"CashChl\":\"GENERAL\"}]","ChkValue":"3678F3FEF6409887349058E5B10E077F20635FDF9EE891E542EADB0FB83A244DB78B4649E401541DE53E8028BC36CDCD09B40F5C2A05CDEE5E1EF9327DA32E1FAB0F425E8DE19E8C1872BFC01B12B20D75F1819D5CCC155A020185BAC728A1290ACFFD873EDB3BCD22F67C452BD07BA2B6063E033414FC9DD44309F3614FA1E6"}
[checkValue]:20Cash6000060001873824147541284960224600006000285110594999.00http://admin.antxd.com/Hfcenter/apiBackGetCash27[{"CashChl":"GENERAL"}]
2016-10-02 20:54:16
[cashAudit]:{"Version":"10","CmdId":"CashAudit","MerCustId":"6000060001873824","OrdId":"147541284960224","UsrCustId":"6000060002851105","TransAmt":"94999.00","AuditFlag":"S","RetUrl":"","BgRetUrl":"http:\/\/admin.antxd.com\/Hfcenter\/apiBackCashAudit","MerPriv":"27","ChkValue":"76C174E0F37EE19F641A0C083ABBFFAA62715CDF87A124A18866E83BAAA1E6D413B5AFB61C92F5FE65D2EB5BC421CF9E8E17BA8FDC06A9B450C62AD505FCA1BF479BC6D4BC4A31F394F9382F8889BD29384630A041D7E1CCF548A450D19C420FE7DB8052324D0A1411355685FDEAF1A3AA47E8E206DD592ACFA0615882BEDC31"}
[checkValue]:10CashAudit6000060001873824147541284960224600006000285110594999.00Shttp://admin.antxd.com/Hfcenter/apiBackCashAudit27
2016-10-02 20:54:18
[apiBackCashAudit-admin] {"AuditFlag":"S","BgRetUrl":"http:\/\/admin.antxd.com\/Hfcenter\/apiBackCashAudit","ChkValue":"3F1E418D5918F08F6DC5E69F7F53F4F1F4F0BE87515ED5438DBAACBFF728C236EFB2D781353E455F8F4485C9D1A388B0BE8A5027A82E759CE445F4D19F3C0E11764C367E9535200912029E73EE98FF8B7B0B3A285F43E6DA9117FCF1C2D556A4379FBDE3938C16127FF2A144B51A399886D6E8F101D210EC753101E8D7D169E1","CmdId":"CashAudit","FeeAcctId":"MDT000001","FeeAmt":"2.00","FeeCustId":"6000060001873824","MerCustId":"6000060001873824","MerPriv":"27","OpenAcctId":"62258843243253443212","OpenBankId":"CMB","OrdId":"147541284960224","RespCode":"000","RespDesc":"\u6210\u529f","RetUrl":"","TransAmt":"94999.00","UsrCustId":"6000060002851105"}
2016-10-02 20:54:18
[apiBackCashAudit-admin] {"AuditFlag":"S","BgRetUrl":"http:\/\/admin.antxd.com\/Hfcenter\/apiBackCashAudit","ChkValue":"3F1E418D5918F08F6DC5E69F7F53F4F1F4F0BE87515ED5438DBAACBFF728C236EFB2D781353E455F8F4485C9D1A388B0BE8A5027A82E759CE445F4D19F3C0E11764C367E9535200912029E73EE98FF8B7B0B3A285F43E6DA9117FCF1C2D556A4379FBDE3938C16127FF2A144B51A399886D6E8F101D210EC753101E8D7D169E1","CmdId":"CashAudit","FeeAcctId":"MDT000001","FeeAmt":"2.00","FeeCustId":"6000060001873824","MerCustId":"6000060001873824","MerPriv":"27","OpenAcctId":"62258843243253443212","OpenBankId":"CMB","OrdId":"147541284960224","RespCode":"000","RespDesc":"\u6210\u529f","RetUrl":"","TransAmt":"94999.00","UsrCustId":"6000060002851105"}
2016-10-02 20:54:19
[apiBackCashAudit-admin] {"AuditFlag":"S","BgRetUrl":"http:\/\/admin.antxd.com\/Hfcenter\/apiBackCashAudit","ChkValue":"3F1E418D5918F08F6DC5E69F7F53F4F1F4F0BE87515ED5438DBAACBFF728C236EFB2D781353E455F8F4485C9D1A388B0BE8A5027A82E759CE445F4D19F3C0E11764C367E9535200912029E73EE98FF8B7B0B3A285F43E6DA9117FCF1C2D556A4379FBDE3938C16127FF2A144B51A399886D6E8F101D210EC753101E8D7D169E1","CmdId":"CashAudit","FeeAcctId":"MDT000001","FeeAmt":"2.00","FeeCustId":"6000060001873824","MerCustId":"6000060001873824","MerPriv":"27","OpenAcctId":"62258843243253443212","OpenBankId":"CMB","OrdId":"147541284960224","RespCode":"000","RespDesc":"\u6210\u529f","RetUrl":"","TransAmt":"94999.00","UsrCustId":"6000060002851105"}
2016-10-02 20:54:21
[apiBackCashAudit-admin] {"AuditFlag":"S","BgRetUrl":"http:\/\/admin.antxd.com\/Hfcenter\/apiBackCashAudit","ChkValue":"3F1E418D5918F08F6DC5E69F7F53F4F1F4F0BE87515ED5438DBAACBFF728C236EFB2D781353E455F8F4485C9D1A388B0BE8A5027A82E759CE445F4D19F3C0E11764C367E9535200912029E73EE98FF8B7B0B3A285F43E6DA9117FCF1C2D556A4379FBDE3938C16127FF2A144B51A399886D6E8F101D210EC753101E8D7D169E1","CmdId":"CashAudit","FeeAcctId":"MDT000001","FeeAmt":"2.00","FeeCustId":"6000060001873824","MerCustId":"6000060001873824","MerPriv":"27","OpenAcctId":"62258843243253443212","OpenBankId":"CMB","OrdId":"147541284960224","RespCode":"000","RespDesc":"\u6210\u529f","RetUrl":"","TransAmt":"94999.00","UsrCustId":"6000060002851105"}
2016-10-02 03:32:17
[userBindCard]:{"Version":"10","CmdId":"UserBindCard","MerCustId":"6000060001873824","UsrCustId":"6000060002809750","BgRetUrl":"http:\/\/www.antxd.com\/Hfcenter\/apiBackBid","MerPriv":"19","ChkValue":"834E821922931DDBCB0528AA7750880B5C047BF1FEFF81534F1FD6077515E6B3561132564F63A3D7E2224011368D9C25427F0669D4848568951B2E3AC91993F1C2FE6B65F904424EDC5F753E99E448BCDF9ABEED6016D45B9C06E5648FAFC11C9F0D72F096DD29B1916E26F4443F821E2425B34A53D4F495960863B685A91204"}
[checkValue]:10UserBindCard60000600018738246000060002809750http://www.antxd.com/Hfcenter/apiBackBid19