
2016-10-13 03:42:43
[netSave]:{"Version":"10","CmdId":"NetSave","MerCustId":"6000060001873824","UsrCustId":"6000060002809750","OrdId":"147630136241179","OrdDate":"20161013","GateBusiId":"B2C","OpenBankId":null,"DcFlag":"D","TransAmt":"200.00","RetUrl":"","BgRetUrl":"http:\/\/www.antxd.com\/Hfcenter\/apiBackRecharge","MerPriv":"19","ChkValue":"0497E130F765AB5153E1D640317253B4B7B2328C404E490F080377713B84341FAB87A1CB3312C0EF2080E4880F356432FC18619D39F55BF5D7B0264B326F16F50098FD0669175229ACDF3F20DCA346372CE84B5E3F5606C884174AA429E88949E07D5A169F82ADC34BFE35CC8460F1DC4DFE06F5E9D32D9793F259E2B60C251E"}
[checkValue]:10NetSave6000060001873824600006000280975014763013624117920161013B2CD200.00http://www.antxd.com/Hfcenter/apiBackRecharge19
2016-10-13 03:43:11
[apiBackRecharge]:{"BgRetUrl":"http:\/\/www.antxd.com\/Hfcenter\/apiBackRecharge","CardId":"","CashierAcctDate":"20160318","CashierSysId":"0000480330","ChkValue":"66A4092078441E997638C6C56773C9E06F515A67DF5C8470FFC345AB7259142D83266BFD10454185C13944EBAEF44FC91C8D7BCB069AE098C00D4F0484630DD27A9A4AD596AC0FF767F6DCFEBF603ED37A81E27C9910161B8824AA9331175133F05FE19108D57DD6D84A6A245B21CE53A8F88C3F9FDCE9A4945B73AEE4267C8F","CmdId":"NetSave","FeeAcctId":"MDT000001","FeeAmt":"0.50","FeeCustId":"6000060001873824","GateBankId":"CIB","GateBusiId":"B2C","MerCustId":"6000060001873824","MerPriv":"19","OrdDate":"20161013","OrdId":"147630136241179","RespCode":"000","RespDesc":"\u6210\u529f","RetUrl":"","SaveChannel":"MUSER","SecRespCode":"","SecRespDesc":"","TransAmt":"200.00","TrxId":"201603180000480330","UsrCustId":"6000060002809750","Version":"10"}

2016-10-13 03:43:11
[apiBackRecharge]:{"BgRetUrl":"http:\/\/www.antxd.com\/Hfcenter\/apiBackRecharge","CardId":"","CashierAcctDate":"20160318","CashierSysId":"0000480330","ChkValue":"66A4092078441E997638C6C56773C9E06F515A67DF5C8470FFC345AB7259142D83266BFD10454185C13944EBAEF44FC91C8D7BCB069AE098C00D4F0484630DD27A9A4AD596AC0FF767F6DCFEBF603ED37A81E27C9910161B8824AA9331175133F05FE19108D57DD6D84A6A245B21CE53A8F88C3F9FDCE9A4945B73AEE4267C8F","CmdId":"NetSave","FeeAcctId":"MDT000001","FeeAmt":"0.50","FeeCustId":"6000060001873824","GateBankId":"CIB","GateBusiId":"B2C","MerCustId":"6000060001873824","MerPriv":"19","OrdDate":"20161013","OrdId":"147630136241179","RespCode":"000","RespDesc":"\u6210\u529f","RetUrl":"","SaveChannel":"MUSER","SecRespCode":"","SecRespDesc":"","TransAmt":"200.00","TrxId":"201603180000480330","UsrCustId":"6000060002809750","Version":"10"}

2016-10-13 03:43:12
[update user account] : UPDATE `yzh_user_account` SET `money` = '1209513.87', `withdrawal_cash` = '1209513.87'
WHERE `uid` = '19'

2016-10-13 03:43:12
[update user account] : UPDATE `yzh_tenderee_account` SET `money` = '1209513.87', `withdrawal_cash` = '1209513.87'
WHERE `uid` = '19'

2016-10-13 03:43:12
[update user account] : UPDATE `yzh_user_account` SET `money` = '1209513.87', `withdrawal_cash` = '1209513.87'
WHERE `uid` = '19'

2016-10-13 03:43:12
[update user account] : UPDATE `yzh_tenderee_account` SET `money` = '1209513.87', `withdrawal_cash` = '1209513.87'
WHERE `uid` = '19'

2016-10-13 03:50:21
[netSave]:{"Version":"10","CmdId":"NetSave","MerCustId":"6000060001873824","UsrCustId":"6000060002809750","OrdId":"147630182163043","OrdDate":"20161013","GateBusiId":"B2C","OpenBankId":null,"DcFlag":"D","TransAmt":"150.00","RetUrl":"","BgRetUrl":"http:\/\/www.antxd.com\/Hfcenter\/apiBackRecharge","MerPriv":"19","ChkValue":"BD042B15DF6B7421F8271BAD1302D0A32CF8E3DF8A487E67C859AB5FF6032BA2CBB2A79C88C3C6D9BD30246A8E691B8791F796841CBD41D03667BF6A1B926DDA1557093B3148D763EF17F9DE3D3320CEE52F1275C73F631F7C9410DE87D756987549095BF6B5A3B58EC763E92F3B55FCA8857B77C92C678ADF7C51CF02166999"}
[checkValue]:10NetSave6000060001873824600006000280975014763018216304320161013B2CD150.00http://www.antxd.com/Hfcenter/apiBackRecharge19
2016-10-13 03:50:49
[apiBackRecharge]:{"BgRetUrl":"http:\/\/www.antxd.com\/Hfcenter\/apiBackRecharge","CardId":"","CashierAcctDate":"20160318","CashierSysId":"0000480352","ChkValue":"8341286C53ED1095A6ECDB189FF3FE88B4CFDEF17EDE6A0CE91DD03A8995265E824ACFA4959674B18AE75A5479F8F0E83B9CB8A754C48F823F7B33F722C2766174C6F87672044CD1ACAE984456BBA43DDAD547F10CEB58A7C1139E8B06CA08E943BC4DF5AC0095182C695250AACAF796A7E824C7AC520ED26288BAF7EEA31489","CmdId":"NetSave","FeeAcctId":"MDT000001","FeeAmt":"0.38","FeeCustId":"6000060001873824","GateBankId":"CIB","GateBusiId":"B2C","MerCustId":"6000060001873824","MerPriv":"19","OrdDate":"20161013","OrdId":"147630182163043","RespCode":"000","RespDesc":"\u6210\u529f","RetUrl":"","SaveChannel":"MUSER","SecRespCode":"","SecRespDesc":"","TransAmt":"150.00","TrxId":"201603180000480352","UsrCustId":"6000060002809750","Version":"10"}

2016-10-13 03:50:50
[apiBackRecharge]:{"BgRetUrl":"http:\/\/www.antxd.com\/Hfcenter\/apiBackRecharge","CardId":"","CashierAcctDate":"20160318","CashierSysId":"0000480352","ChkValue":"8341286C53ED1095A6ECDB189FF3FE88B4CFDEF17EDE6A0CE91DD03A8995265E824ACFA4959674B18AE75A5479F8F0E83B9CB8A754C48F823F7B33F722C2766174C6F87672044CD1ACAE984456BBA43DDAD547F10CEB58A7C1139E8B06CA08E943BC4DF5AC0095182C695250AACAF796A7E824C7AC520ED26288BAF7EEA31489","CmdId":"NetSave","FeeAcctId":"MDT000001","FeeAmt":"0.38","FeeCustId":"6000060001873824","GateBankId":"CIB","GateBusiId":"B2C","MerCustId":"6000060001873824","MerPriv":"19","OrdDate":"20161013","OrdId":"147630182163043","RespCode":"000","RespDesc":"\u6210\u529f","RetUrl":"","SaveChannel":"MUSER","SecRespCode":"","SecRespDesc":"","TransAmt":"150.00","TrxId":"201603180000480352","UsrCustId":"6000060002809750","Version":"10"}

2016-10-13 04:02:07
[userBindCard]:{"Version":"10","CmdId":"UserBindCard","MerCustId":"6000060001873824","UsrCustId":"6000060002809750","BgRetUrl":"http:\/\/www.antxd.com\/Hfcenter\/apiBackBid","MerPriv":"19","ChkValue":"834E821922931DDBCB0528AA7750880B5C047BF1FEFF81534F1FD6077515E6B3561132564F63A3D7E2224011368D9C25427F0669D4848568951B2E3AC91993F1C2FE6B65F904424EDC5F753E99E448BCDF9ABEED6016D45B9C06E5648FAFC11C9F0D72F096DD29B1916E26F4443F821E2425B34A53D4F495960863B685A91204"}
[checkValue]:10UserBindCard60000600018738246000060002809750http://www.antxd.com/Hfcenter/apiBackBid19