
2016-10-01 00:01:12
[update user account] : UPDATE `yzh_user_account` SET `money` = '198538.35', `withdrawal_cash` = '198538.35'
WHERE `uid` = '16'

2016-10-01 00:01:12
[update user account] : UPDATE `yzh_tenderee_account` SET `money` = '198538.35', `withdrawal_cash` = '198538.35'
WHERE `uid` = '16'

2016-10-01 00:23:34
[repayment]:{"Version":"20","CmdId":"Repayment","MerCustId":"6000060001873824","OrdId":"147525261463239","OrdDate":"20161001","OutCustId":"6000060002809527","SubOrdId":"147274762099098","SubOrdDate":"20160902","OutAcctId":"","TransAmt":"50236.11","Fee":"118.06","InCustId":"6000060002809750","InAcctId":"","DivDetails":"[{\"DivCustId\":\"6000060001873824\",\"DivAcctId\":\"MDT000001\",\"DivAmt\":\"118.06\"}]","FeeObjFlag":"O","BgRetUrl":"http:\/\/admin.antxd.com\/Hfcenter\/apiBackAutoRepayment","MerPriv":"{\"settle_id\":\"1\",\"in_user_balance\":1159077.76}","ReqExt":"{\"ProId\":\"20902218\"}","ChkValue":"5A105D90D9F9380274542320E4C6FDA1F8B5E459C5DBB5960FA22079DFA00A4029401E0024721B4D4810A6915439E1A0C12DE523BF1A6F5B22E6FF85D76FBCA6529DE37CB4DCE155D2D7CF5A8A99CC4F17E2F1E4D14BC45E57F061654CB8FAFF596826CE2BECD4DB8E3DE5EC64A0112182EDEE14C8D76D5D453024AE9D371362"}
[checkValue]:5A105D90D9F9380274542320E4C6FDA1F8B5E459C5DBB5960FA22079DFA00A4029401E0024721B4D4810A6915439E1A0C12DE523BF1A6F5B22E6FF85D76FBCA6529DE37CB4DCE155D2D7CF5A8A99CC4F17E2F1E4D14BC45E57F061654CB8FAFF596826CE2BECD4DB8E3DE5EC64A0112182EDEE14C8D76D5D453024AE9D371362
2016-10-01 00:23:34
[repayment response]: {"CmdId":"Repayment","RespCode":"000","RespDesc":"\u6210\u529f","ChkValue":"59B6F970CB9A72DD43EE9BD223994F895259B02454094970DE32FB332D2843A406006EB83D827B51585A8E090F2C197874951FF68F6C80B0BEB71AB9FCBF073783CBB1FDC6F713632ADB7D42291B2254296C16658CD87C8D11C49FABFA77813CC20B1984F6E3BDFD23BC21C22AC33F7558A4432F65458B463F2EC5DF06995985","Version":"","MerCustId":"6000060001873824","OrdId":"147525261463239","OrdDate":"20161001","OutCustId":"6000060002809527","SubOrdId":"147274762099098","SubOrdDate":"20160902","OutAcctId":"MDT000001","TransAmt":"50236.11","Fee":"118.06","InCustId":"6000060002809750","InAcctId":"MDT000001","BgRetUrl":"http:\/\/admin.antxd.com\/Hfcenter\/apiBackAutoRepayment","MerPriv":"{\"settle_id\":\"1\",\"in_user_balance\":1159077.76}","FeeObjFlag":"O","RespExt":"{\"ProId\":\"20902218\"}"}

2016-10-01 00:23:34
[repayment]:{"Version":"20","CmdId":"Repayment","MerCustId":"6000060001873824","OrdId":"147525261492435","OrdDate":"20161001","OutCustId":"6000060002809527","SubOrdId":"147387001435937","SubOrdDate":"20160915","OutAcctId":"","TransAmt":"61.11","Fee":"30.56","InCustId":"6000060002810249","InAcctId":"","DivDetails":"[{\"DivCustId\":\"6000060001873824\",\"DivAcctId\":\"MDT000001\",\"DivAmt\":\"30.56\"}]","FeeObjFlag":"O","BgRetUrl":"http:\/\/admin.antxd.com\/Hfcenter\/apiBackAutoRepayment","MerPriv":"{\"settle_id\":\"2\",\"in_user_balance\":590415.67}","ReqExt":"{\"ProId\":\"20902218\"}","ChkValue":"D7EC5F4CC2DC3BDFA2DA592EBDA17C5849E867E40451EC8DDB9538D684CAADF0E07061AC92DC9500EF6039BD5D59C24D48D043B0B9C7F96784D80E01E3250DAC11A2E2C245C6E93BED146A0146D87C2A37CA094205775E3BEF2D9E8B67E4F1925AFB75270AC204B555DC5DF9A076172F7957479FDC091A6925617883A7D4EE9F"}
[checkValue]:D7EC5F4CC2DC3BDFA2DA592EBDA17C5849E867E40451EC8DDB9538D684CAADF0E07061AC92DC9500EF6039BD5D59C24D48D043B0B9C7F96784D80E01E3250DAC11A2E2C245C6E93BED146A0146D87C2A37CA094205775E3BEF2D9E8B67E4F1925AFB75270AC204B555DC5DF9A076172F7957479FDC091A6925617883A7D4EE9F
2016-10-01 00:23:35
[repayment response]: {"CmdId":"Repayment","RespCode":"000","RespDesc":"\u6210\u529f","ChkValue":"8DA7B44E2F420DA7AE5DBCE2D31542E233FBC5355D0CF16721EED0FF2B7563B0A19E7FE432220D6353E9248286CEFB5568EB634D8E46C1988D4BB55B343779F918951E3414693297EE3D309AEF30AAE390E9E931CD12481AE01A7FFB43548710689D22EF01075EAF29347A300DCC3E16B1EE589471EB9C2C8F46D235CEAEF685","Version":"","MerCustId":"6000060001873824","OrdId":"147525261492435","OrdDate":"20161001","OutCustId":"6000060002809527","SubOrdId":"147387001435937","SubOrdDate":"20160915","OutAcctId":"MDT000001","TransAmt":"61.11","Fee":"30.56","InCustId":"6000060002810249","InAcctId":"MDT000001","BgRetUrl":"http:\/\/admin.antxd.com\/Hfcenter\/apiBackAutoRepayment","MerPriv":"{\"settle_id\":\"2\",\"in_user_balance\":590415.67}","FeeObjFlag":"O","RespExt":"{\"ProId\":\"20902218\"}"}

2016-10-01 00:23:35
[repayment]:{"Version":"20","CmdId":"Repayment","MerCustId":"6000060001873824","OrdId":"147525261588480","OrdDate":"20161001","OutCustId":"6000060002809527","SubOrdId":"147481952761917","SubOrdDate":"20160926","OutAcctId":"","TransAmt":"20033.33","Fee":"16.67","InCustId":"6000060002809876","InAcctId":"","DivDetails":"[{\"DivCustId\":\"6000060001873824\",\"DivAcctId\":\"MDT000001\",\"DivAmt\":\"16.67\"}]","FeeObjFlag":"O","BgRetUrl":"http:\/\/admin.antxd.com\/Hfcenter\/apiBackAutoRepayment","MerPriv":"{\"settle_id\":\"3\",\"in_user_balance\":1965862.94}","ReqExt":"{\"ProId\":\"20902218\"}","ChkValue":"0405B812FE535F964085BB8EB6BD205A2E3C3E97A0A141FC126FB41BAF2C79BF57CECFB1C2993F24B519776717758EF01700F076805436C3631E45573F2295C589B115B8CE34F8F1440A1ED94FD5C6B2DABC4BE09525F377CA8EC8502A7811DB88808C2E7BB33BCE233C3CA47B96DD4D2B39DFBB072856E5DEB168C28C1F4B7A"}
[checkValue]:0405B812FE535F964085BB8EB6BD205A2E3C3E97A0A141FC126FB41BAF2C79BF57CECFB1C2993F24B519776717758EF01700F076805436C3631E45573F2295C589B115B8CE34F8F1440A1ED94FD5C6B2DABC4BE09525F377CA8EC8502A7811DB88808C2E7BB33BCE233C3CA47B96DD4D2B39DFBB072856E5DEB168C28C1F4B7A
2016-10-01 00:23:35
[repayment response]: {"CmdId":"Repayment","RespCode":"000","RespDesc":"\u6210\u529f","ChkValue":"29D4EE8F31DA2692A7ED4E37904AACD6BAD1DEA7BAC0B82CEC6F1597CA0AACFDBC33BB874C05E1F39B4142CADF4A918D84194C821EC600E81153550221119E99F99AA90756F06D4BA2A4095B58B5398F60F81C1812CF5C61C6253A4D53B5DC8A4A0EAE613246A24DBE2B85861F63E0D4F627113EB90E8E3D3E69BD2584EFF3E2","Version":"","MerCustId":"6000060001873824","OrdId":"147525261588480","OrdDate":"20161001","OutCustId":"6000060002809527","SubOrdId":"147481952761917","SubOrdDate":"20160926","OutAcctId":"MDT000001","TransAmt":"20033.33","Fee":"16.67","InCustId":"6000060002809876","InAcctId":"MDT000001","BgRetUrl":"http:\/\/admin.antxd.com\/Hfcenter\/apiBackAutoRepayment","MerPriv":"{\"settle_id\":\"3\",\"in_user_balance\":1965862.94}","FeeObjFlag":"O","RespExt":"{\"ProId\":\"20902218\"}"}

2016-10-01 00:23:36
[repayment]:{"Version":"20","CmdId":"Repayment","MerCustId":"6000060001873824","OrdId":"147525261658111","OrdDate":"20161001","OutCustId":"6000060002809527","SubOrdId":"147274774566660","SubOrdDate":"20160902","OutAcctId":"","TransAmt":"30141.67","Fee":"70.83","InCustId":"6000060002810230","InAcctId":"","DivDetails":"[{\"DivCustId\":\"6000060001873824\",\"DivAcctId\":\"MDT000001\",\"DivAmt\":\"70.83\"}]","FeeObjFlag":"O","BgRetUrl":"http:\/\/admin.antxd.com\/Hfcenter\/apiBackAutoRepayment","MerPriv":"{\"settle_id\":\"4\",\"in_user_balance\":1288047.45}","ReqExt":"{\"ProId\":\"20902218\"}","ChkValue":"345EA40A594FC9FCE80A7167BFD859437FD5C5ED199C7126905456C41F86BEBB7D50607428FE34F81221371C80AB278B14BD7F7A0F8420C91B8C8AA22F139FCAC59B7713D6D2A97B14AE371015A09710A0AF45FA94303E5EE450DC74C432EFD26598C84F8F2BA50A33D15942D0955991846B4134F601ADEC45D9EB91C9B2C7F1"}
[checkValue]:345EA40A594FC9FCE80A7167BFD859437FD5C5ED199C7126905456C41F86BEBB7D50607428FE34F81221371C80AB278B14BD7F7A0F8420C91B8C8AA22F139FCAC59B7713D6D2A97B14AE371015A09710A0AF45FA94303E5EE450DC74C432EFD26598C84F8F2BA50A33D15942D0955991846B4134F601ADEC45D9EB91C9B2C7F1
2016-10-01 00:23:36
[repayment response]: {"CmdId":"Repayment","RespCode":"000","RespDesc":"\u6210\u529f","ChkValue":"DFE18CD0BE505134BDE13C7D4610DA9342C0D30450E2CA0EC0990F645A83F8B2D85CCCF75B347D40D3AC6EBF6B766C96EB0B09D4CB7090514CEC872AA75449EF2A118D1E878AA6387864E74C1C91D92A4AEB53DA8FA369095EFA6991AE9BBEB4982955E8FC1FF982D3F2EC8EA2B1EB5D57CB7F207467A941994D42AE755370E7","Version":"","MerCustId":"6000060001873824","OrdId":"147525261658111","OrdDate":"20161001","OutCustId":"6000060002809527","SubOrdId":"147274774566660","SubOrdDate":"20160902","OutAcctId":"MDT000001","TransAmt":"30141.67","Fee":"70.83","InCustId":"6000060002810230","InAcctId":"MDT000001","BgRetUrl":"http:\/\/admin.antxd.com\/Hfcenter\/apiBackAutoRepayment","MerPriv":"{\"settle_id\":\"4\",\"in_user_balance\":1288047.45}","FeeObjFlag":"O","RespExt":"{\"ProId\":\"20902218\"}"}

2016-10-01 00:23:37
[apiBackAutoRepayment]:{"BgRetUrl":"http:\/\/admin.antxd.com\/Hfcenter\/apiBackAutoRepayment","ChkValue":"8DA7B44E2F420DA7AE5DBCE2D31542E233FBC5355D0CF16721EED0FF2B7563B0A19E7FE432220D6353E9248286CEFB5568EB634D8E46C1988D4BB55B343779F918951E3414693297EE3D309AEF30AAE390E9E931CD12481AE01A7FFB43548710689D22EF01075EAF29347A300DCC3E16B1EE589471EB9C2C8F46D235CEAEF685","CmdId":"Repayment","Fee":"30.56","FeeObjFlag":"O","InAcctId":"MDT000001","InCustId":"6000060002810249","MerCustId":"6000060001873824","MerPriv":"{\"settle_id\":\"2\",\"in_user_balance\":590415.67}","OrdDate":"20161001","OrdId":"147525261492435","OutAcctId":"MDT000001","OutCustId":"6000060002809527","RespCode":"000","RespDesc":"\u6210\u529f","RespExt":"{\"ProId\":\"20902218\"}","SubOrdDate":"20160915","SubOrdId":"147387001435937","TransAmt":"61.11"}

2016-10-01 00:23:37
[apiBackAutoRepayment]:{"BgRetUrl":"http:\/\/admin.antxd.com\/Hfcenter\/apiBackAutoRepayment","ChkValue":"59B6F970CB9A72DD43EE9BD223994F895259B02454094970DE32FB332D2843A406006EB83D827B51585A8E090F2C197874951FF68F6C80B0BEB71AB9FCBF073783CBB1FDC6F713632ADB7D42291B2254296C16658CD87C8D11C49FABFA77813CC20B1984F6E3BDFD23BC21C22AC33F7558A4432F65458B463F2EC5DF06995985","CmdId":"Repayment","Fee":"118.06","FeeObjFlag":"O","InAcctId":"MDT000001","InCustId":"6000060002809750","MerCustId":"6000060001873824","MerPriv":"{\"settle_id\":\"1\",\"in_user_balance\":1159077.76}","OrdDate":"20161001","OrdId":"147525261463239","OutAcctId":"MDT000001","OutCustId":"6000060002809527","RespCode":"000","RespDesc":"\u6210\u529f","RespExt":"{\"ProId\":\"20902218\"}","SubOrdDate":"20160902","SubOrdId":"147274762099098","TransAmt":"50236.11"}

2016-10-01 00:23:37
[update user account] : UPDATE `yzh_user_account` SET `money` = '97830.01', `withdrawal_cash` = '97830.01'
WHERE `uid` = '16'

2016-10-01 00:23:37
[update user account] : UPDATE `yzh_tenderee_account` SET `money` = '97830.01', `withdrawal_cash` = '97830.01'
WHERE `uid` = '16'

2016-10-01 00:23:38
[update user account] : UPDATE `yzh_user_account` SET `money` = '590476.78', `withdrawal_cash` = '590476.78'
WHERE `uid` = '22'

2016-10-01 00:23:38
[update user account] : UPDATE `yzh_tenderee_account` SET `money` = '590476.78', `withdrawal_cash` = '590476.78'
WHERE `uid` = '22'

2016-10-01 00:23:38
[apiBackAutoRepayment]user_account:UPDATE `yzh_user_account` SET gain_total = gain_total+61.11111
WHERE `uid` = '22'

2016-10-01 00:23:38
[update user account] : UPDATE `yzh_user_account` SET `money` = '97830.01', `withdrawal_cash` = '97830.01'
WHERE `uid` = '16'

2016-10-01 00:23:38
[update user account] : UPDATE `yzh_tenderee_account` SET `money` = '97830.01', `withdrawal_cash` = '97830.01'
WHERE `uid` = '16'

2016-10-01 00:23:38
[update user account] : UPDATE `yzh_user_account` SET `money` = '1209313.87', `withdrawal_cash` = '1209313.87'
WHERE `uid` = '19'

2016-10-01 00:23:38
[update user account] : UPDATE `yzh_tenderee_account` SET `money` = '1209313.87', `withdrawal_cash` = '1209313.87'
WHERE `uid` = '19'

2016-10-01 00:23:38
[apiBackAutoRepayment]update_project:UPDATE `yzh_project` SET `status` = 80
WHERE `id` = '1'

2016-10-01 00:23:38
[apiBackAutoRepayment]user_account:UPDATE `yzh_user_account` SET gain_total = gain_total+236.11111
WHERE `uid` = '19'

2016-10-01 00:23:38
[apiBackAutoRepayment]:{"BgRetUrl":"http:\/\/admin.antxd.com\/Hfcenter\/apiBackAutoRepayment","ChkValue":"29D4EE8F31DA2692A7ED4E37904AACD6BAD1DEA7BAC0B82CEC6F1597CA0AACFDBC33BB874C05E1F39B4142CADF4A918D84194C821EC600E81153550221119E99F99AA90756F06D4BA2A4095B58B5398F60F81C1812CF5C61C6253A4D53B5DC8A4A0EAE613246A24DBE2B85861F63E0D4F627113EB90E8E3D3E69BD2584EFF3E2","CmdId":"Repayment","Fee":"16.67","FeeObjFlag":"O","InAcctId":"MDT000001","InCustId":"6000060002809876","MerCustId":"6000060001873824","MerPriv":"{\"settle_id\":\"3\",\"in_user_balance\":1965862.94}","OrdDate":"20161001","OrdId":"147525261588480","OutAcctId":"MDT000001","OutCustId":"6000060002809527","RespCode":"000","RespDesc":"\u6210\u529f","RespExt":"{\"ProId\":\"20902218\"}","SubOrdDate":"20160926","SubOrdId":"147481952761917","TransAmt":"20033.33"}

2016-10-01 00:23:38
[apiBackAutoRepayment]:{"BgRetUrl":"http:\/\/admin.antxd.com\/Hfcenter\/apiBackAutoRepayment","ChkValue":"DFE18CD0BE505134BDE13C7D4610DA9342C0D30450E2CA0EC0990F645A83F8B2D85CCCF75B347D40D3AC6EBF6B766C96EB0B09D4CB7090514CEC872AA75449EF2A118D1E878AA6387864E74C1C91D92A4AEB53DA8FA369095EFA6991AE9BBEB4982955E8FC1FF982D3F2EC8EA2B1EB5D57CB7F207467A941994D42AE755370E7","CmdId":"Repayment","Fee":"70.83","FeeObjFlag":"O","InAcctId":"MDT000001","InCustId":"6000060002810230","MerCustId":"6000060001873824","MerPriv":"{\"settle_id\":\"4\",\"in_user_balance\":1288047.45}","OrdDate":"20161001","OrdId":"147525261658111","OutAcctId":"MDT000001","OutCustId":"6000060002809527","RespCode":"000","RespDesc":"\u6210\u529f","RespExt":"{\"ProId\":\"20902218\"}","SubOrdDate":"20160902","SubOrdId":"147274774566660","TransAmt":"30141.67"}

2016-10-01 00:23:38
[update user account] : UPDATE `yzh_user_account` SET `money` = '97830.01', `withdrawal_cash` = '97830.01'
WHERE `uid` = '16'

2016-10-01 00:23:38
[update user account] : UPDATE `yzh_tenderee_account` SET `money` = '97830.01', `withdrawal_cash` = '97830.01'
WHERE `uid` = '16'

2016-10-01 00:23:39
[update user account] : UPDATE `yzh_user_account` SET `money` = '1985896.27', `withdrawal_cash` = '1985896.27'
WHERE `uid` = '20'

2016-10-01 00:23:39
[update user account] : UPDATE `yzh_tenderee_account` SET `money` = '1985896.27', `withdrawal_cash` = '1985896.27'
WHERE `uid` = '20'

2016-10-01 00:23:39
[apiBackAutoRepayment]update_project:UPDATE `yzh_project` SET `status` = 80
WHERE `id` = '1'

2016-10-01 00:23:39
[apiBackAutoRepayment]user_account:UPDATE `yzh_user_account` SET gain_total = gain_total+33.333330000001
WHERE `uid` = '20'

2016-10-01 00:23:39
[update user account] : UPDATE `yzh_user_account` SET `money` = '97830.01', `withdrawal_cash` = '97830.01'
WHERE `uid` = '16'

2016-10-01 00:23:39
[update user account] : UPDATE `yzh_tenderee_account` SET `money` = '97830.01', `withdrawal_cash` = '97830.01'
WHERE `uid` = '16'

2016-10-01 00:23:39
[update user account] : UPDATE `yzh_user_account` SET `money` = '1318189.12', `withdrawal_cash` = '1318189.12'
WHERE `uid` = '21'

2016-10-01 00:23:39
[update user account] : UPDATE `yzh_tenderee_account` SET `money` = '1318189.12', `withdrawal_cash` = '1318189.12'
WHERE `uid` = '21'

2016-10-01 00:23:39
[apiBackAutoRepayment]update_project:UPDATE `yzh_project` SET `status` = 80
WHERE `id` = '1'

2016-10-01 00:23:39
[apiBackAutoRepayment]user_account:UPDATE `yzh_user_account` SET gain_total = gain_total+141.66667
WHERE `uid` = '21'

2016-10-01 00:26:01
[update user account] : UPDATE `yzh_user_account` SET `money` = '97830.01', `withdrawal_cash` = '97830.01'
WHERE `uid` = '16'

2016-10-01 00:26:01
[update user account] : UPDATE `yzh_tenderee_account` SET `money` = '97830.01', `withdrawal_cash` = '97830.01'
WHERE `uid` = '16'

2016-10-01 00:29:18
[update user account] : UPDATE `yzh_user_account` SET `money` = '97830.01', `withdrawal_cash` = '97830.01'
WHERE `uid` = '16'

2016-10-01 00:29:18
[update user account] : UPDATE `yzh_tenderee_account` SET `money` = '97830.01', `withdrawal_cash` = '97830.01'
WHERE `uid` = '16'

2016-10-01 00:30:56
[netSave]:{"Version":"10","CmdId":"NetSave","MerCustId":"6000060001873824","UsrCustId":"6000060002851105","OrdId":"147525305621681","OrdDate":"20161001","GateBusiId":"B2C","OpenBankId":"CIB","DcFlag":"D","TransAmt":"100000.00","RetUrl":"","BgRetUrl":"http:\/\/admin.antxd.com\/Hfcenter\/apiBackRecharge","MerPriv":"27","ChkValue":"BA184ADC2ABDD3D42472A2F73EDE30D1486F440FD9F1A4EC18087885D8888E669133F89944FB518DB071A0F141FC512E23A7738EE19AD336ED47567C4D91AE6EA028BDE68C01D2DE21CC8BBAD05F980829232ADC678C52C4BD9F3513AFD144CFC0CC539BCC0D47E42A2BECF82A11E4AE0BB353C7526ACE6EC2F686E9AA7F0C44"}
[checkValue]:10NetSave6000060001873824600006000285110514752530562168120161001B2CCIBD100000.00http://admin.antxd.com/Hfcenter/apiBackRecharge27
2016-10-01 00:31:04
[update user account] : UPDATE `yzh_user_account` SET `money` = '397833.31', `withdrawal_cash` = '397833.31'
WHERE `uid` = '27'

2016-10-01 00:31:04
[update user account] : UPDATE `yzh_tenderee_account` SET `money` = '397833.31', `withdrawal_cash` = '397833.31'
WHERE `uid` = '27'

2016-10-01 00:31:04
[apiBackRecharge-admin] json:{"BgRetUrl":"http:\/\/admin.antxd.com\/Hfcenter\/apiBackRecharge","CardId":"","CashierAcctDate":"20160304","CashierSysId":"0000454602","ChkValue":"E714912D4414C3BA671B0FFBDAC71732AAECB14E0CDCD77B8D2DFE5C51FE151390456646394978C639586D8545838F8770F64086CEDED1309EC6C5862914437C9B237EBF944C6E80728108CCB279FA1AD6E046A98E5BFDD7925BEAB150908E565D1791B850AA469CF524E5ABED93611E253EE546DD08A77110D7101A377510D4","CmdId":"NetSave","FeeAcctId":"MDT000001","FeeAmt":"250.00","FeeCustId":"6000060001873824","GateBankId":"CIB","GateBusiId":"B2C","MerCustId":"6000060001873824","MerPriv":"27","OrdDate":"20161001","OrdId":"147525305621681","RespCode":"000","RespDesc":"\u6210\u529f","RetUrl":"","SaveChannel":"MUSER","TransAmt":"100000.00","TrxId":"201603040000454602","UsrCustId":"6000060002851105","Version":"10"}
2016-10-01 00:31:04
[update user account] : UPDATE `yzh_user_account` SET `money` = '397833.31', `withdrawal_cash` = '397833.31'
WHERE `uid` = '27'

2016-10-01 00:31:04
[update user account] : UPDATE `yzh_tenderee_account` SET `money` = '397833.31', `withdrawal_cash` = '397833.31'
WHERE `uid` = '27'

2016-10-01 00:31:04
[apiBackRecharge-admin] json:{"BgRetUrl":"http:\/\/admin.antxd.com\/Hfcenter\/apiBackRecharge","CardId":"","CashierAcctDate":"20160304","CashierSysId":"0000454602","ChkValue":"E714912D4414C3BA671B0FFBDAC71732AAECB14E0CDCD77B8D2DFE5C51FE151390456646394978C639586D8545838F8770F64086CEDED1309EC6C5862914437C9B237EBF944C6E80728108CCB279FA1AD6E046A98E5BFDD7925BEAB150908E565D1791B850AA469CF524E5ABED93611E253EE546DD08A77110D7101A377510D4","CmdId":"NetSave","FeeAcctId":"MDT000001","FeeAmt":"250.00","FeeCustId":"6000060001873824","GateBankId":"CIB","GateBusiId":"B2C","MerCustId":"6000060001873824","MerPriv":"27","OrdDate":"20161001","OrdId":"147525305621681","RespCode":"000","RespDesc":"\u6210\u529f","RetUrl":"","SaveChannel":"MUSER","TransAmt":"100000.00","TrxId":"201603040000454602","UsrCustId":"6000060002851105","Version":"10"}
2016-10-01 00:31:13
[repayment]:{"Version":"20","CmdId":"Repayment","MerCustId":"6000060001873824","OrdId":"147525307332911","OrdDate":"20161001","OutCustId":"6000060002851105","SubOrdId":"147387009203307","SubOrdDate":"20160915","OutAcctId":"","TransAmt":"100708.33","Fee":"236.11","InCustId":"6000060002810230","InAcctId":"","DivDetails":"[{\"DivCustId\":\"6000060001873824\",\"DivAcctId\":\"MDT000001\",\"DivAmt\":\"236.11\"}]","FeeObjFlag":"O","BgRetUrl":"http:\/\/admin.antxd.com\/Hfcenter\/apiBackAutoRepayment","MerPriv":"{\"settle_id\":\"5\",\"in_user_balance\":1318189.12}","ReqExt":"{\"ProId\":\"20902120\"}","ChkValue":"65D0741F1A7A5E9DC767D4384F6C5230DCAD93915116058DD3D7D98E3CF72A4E4132EB4CF9A8F0273175DE7A116962F4BE91BED72E721821E95767C84AC2EA14B1F83E84BF71BC61AB059F51EF891DAE15EB2233D004A288CDE2CCFBA2BA2857555C3DF795DCE4AE3A0241A8ADD54E1D86ECE9F7CCF2910B1E4954F2A4EFA06D"}
[checkValue]:65D0741F1A7A5E9DC767D4384F6C5230DCAD93915116058DD3D7D98E3CF72A4E4132EB4CF9A8F0273175DE7A116962F4BE91BED72E721821E95767C84AC2EA14B1F83E84BF71BC61AB059F51EF891DAE15EB2233D004A288CDE2CCFBA2BA2857555C3DF795DCE4AE3A0241A8ADD54E1D86ECE9F7CCF2910B1E4954F2A4EFA06D
2016-10-01 00:31:14
[repayment response]: {"CmdId":"Repayment","RespCode":"000","RespDesc":"\u6210\u529f","ChkValue":"E2C60A9CFDC229A065A44FE51153F528F94F003DF9622913E5F867AE6F9FA9AC682279948D99D8B73426B08E42A7C717B23BB04D9F15C73379B1E51244823A0D50669AE5FAFBC95390F9466FDB0A749A716FEFB457E42B4FF9E20DCC7BB21507B82E04CD9E487427C74B7B5D56716678B9B74A0FA1CEACC4C1BACD9938444620","Version":"","MerCustId":"6000060001873824","OrdId":"147525307332911","OrdDate":"20161001","OutCustId":"6000060002851105","SubOrdId":"147387009203307","SubOrdDate":"20160915","OutAcctId":"MDT000001","TransAmt":"100708.33","Fee":"236.11","InCustId":"6000060002810230","InAcctId":"MDT000001","BgRetUrl":"http:\/\/admin.antxd.com\/Hfcenter\/apiBackAutoRepayment","MerPriv":"{\"settle_id\":\"5\",\"in_user_balance\":1318189.12}","FeeObjFlag":"O","RespExt":"{\"ProId\":\"20902120\"}"}

2016-10-01 00:31:14
[apiBackAutoRepayment]:{"BgRetUrl":"http:\/\/admin.antxd.com\/Hfcenter\/apiBackAutoRepayment","ChkValue":"E2C60A9CFDC229A065A44FE51153F528F94F003DF9622913E5F867AE6F9FA9AC682279948D99D8B73426B08E42A7C717B23BB04D9F15C73379B1E51244823A0D50669AE5FAFBC95390F9466FDB0A749A716FEFB457E42B4FF9E20DCC7BB21507B82E04CD9E487427C74B7B5D56716678B9B74A0FA1CEACC4C1BACD9938444620","CmdId":"Repayment","Fee":"236.11","FeeObjFlag":"O","InAcctId":"MDT000001","InCustId":"6000060002810230","MerCustId":"6000060001873824","MerPriv":"{\"settle_id\":\"5\",\"in_user_balance\":1318189.12}","OrdDate":"20161001","OrdId":"147525307332911","OutAcctId":"MDT000001","OutCustId":"6000060002851105","RespCode":"000","RespDesc":"\u6210\u529f","RespExt":"{\"ProId\":\"20902120\"}","SubOrdDate":"20160915","SubOrdId":"147387009203307","TransAmt":"100708.33"}

2016-10-01 00:31:14
[repayment]:{"Version":"20","CmdId":"Repayment","MerCustId":"6000060001873824","OrdId":"147525307433263","OrdDate":"20161001","OutCustId":"6000060002851105","SubOrdId":"147274814196063","SubOrdDate":"20160902","OutAcctId":"","TransAmt":"458.33","Fee":"152.78","InCustId":"6000060002810249","InAcctId":"","DivDetails":"[{\"DivCustId\":\"6000060001873824\",\"DivAcctId\":\"MDT000001\",\"DivAmt\":\"152.78\"}]","FeeObjFlag":"O","BgRetUrl":"http:\/\/admin.antxd.com\/Hfcenter\/apiBackAutoRepayment","MerPriv":"{\"settle_id\":\"6\",\"in_user_balance\":590476.78}","ReqExt":"{\"ProId\":\"20902120\"}","ChkValue":"08A5C94E86222A4DA9BC2E5132045EF266AD115D7ECEBCE0854E02EBE0D4BB00238FC98E72C5B5E7319095B6D66F6B02969DAA67E68C86E46137AECD1257919B12B57DB1E92305B180EB38F733584F786F6A98CF8A7F036F82E5FFFFC69AC0CC2625E124D854EF18835CE3C26A18511390CFEC02EF3E9EA5044C221305EB79E0"}
[checkValue]:08A5C94E86222A4DA9BC2E5132045EF266AD115D7ECEBCE0854E02EBE0D4BB00238FC98E72C5B5E7319095B6D66F6B02969DAA67E68C86E46137AECD1257919B12B57DB1E92305B180EB38F733584F786F6A98CF8A7F036F82E5FFFFC69AC0CC2625E124D854EF18835CE3C26A18511390CFEC02EF3E9EA5044C221305EB79E0
2016-10-01 00:31:14
[update user account] : UPDATE `yzh_user_account` SET `money` = '296888.87', `withdrawal_cash` = '296888.87'
WHERE `uid` = '27'

2016-10-01 00:31:14
[update user account] : UPDATE `yzh_tenderee_account` SET `money` = '296888.87', `withdrawal_cash` = '296888.87'
WHERE `uid` = '27'

2016-10-01 00:31:14
[update user account] : UPDATE `yzh_user_account` SET `money` = '1418897.45', `withdrawal_cash` = '1418897.45'
WHERE `uid` = '21'

2016-10-01 00:31:14
[update user account] : UPDATE `yzh_tenderee_account` SET `money` = '1418897.45', `withdrawal_cash` = '1418897.45'
WHERE `uid` = '21'

2016-10-01 00:31:14
[apiBackAutoRepayment]update_project:UPDATE `yzh_project` SET `status` = 80
WHERE `id` = '2'

2016-10-01 00:31:14
[apiBackAutoRepayment]user_account:UPDATE `yzh_user_account` SET gain_total = gain_total+708.33332999999
WHERE `uid` = '21'

2016-10-01 00:31:14
[repayment response]: {"CmdId":"Repayment","RespCode":"000","RespDesc":"\u6210\u529f","ChkValue":"DC62A7854A4260D771049A87E4B23D513735E3E76A1A388C2523FF4DE4A8830FF78C3BD00486EADBDADB87C54463CD908F0E08723FE033D32D1FB8F75D2713BC5DF4601CE23B8BD280AE83CC33F1A99BA7FAA7CA6B85859C27C8BD87B59B09AED86BF8AE011E80E39D8BC5765A690C53FC141F58DDF8D10A78D980F3B9C749EB","Version":"","MerCustId":"6000060001873824","OrdId":"147525307433263","OrdDate":"20161001","OutCustId":"6000060002851105","SubOrdId":"147274814196063","SubOrdDate":"20160902","OutAcctId":"MDT000001","TransAmt":"458.33","Fee":"152.78","InCustId":"6000060002810249","InAcctId":"MDT000001","BgRetUrl":"http:\/\/admin.antxd.com\/Hfcenter\/apiBackAutoRepayment","MerPriv":"{\"settle_id\":\"6\",\"in_user_balance\":590476.78}","FeeObjFlag":"O","RespExt":"{\"ProId\":\"20902120\"}"}

2016-10-01 00:31:14
[apiBackAutoRepayment]:{"BgRetUrl":"http:\/\/admin.antxd.com\/Hfcenter\/apiBackAutoRepayment","ChkValue":"DC62A7854A4260D771049A87E4B23D513735E3E76A1A388C2523FF4DE4A8830FF78C3BD00486EADBDADB87C54463CD908F0E08723FE033D32D1FB8F75D2713BC5DF4601CE23B8BD280AE83CC33F1A99BA7FAA7CA6B85859C27C8BD87B59B09AED86BF8AE011E80E39D8BC5765A690C53FC141F58DDF8D10A78D980F3B9C749EB","CmdId":"Repayment","Fee":"152.78","FeeObjFlag":"O","InAcctId":"MDT000001","InCustId":"6000060002810249","MerCustId":"6000060001873824","MerPriv":"{\"settle_id\":\"6\",\"in_user_balance\":590476.78}","OrdDate":"20161001","OrdId":"147525307433263","OutAcctId":"MDT000001","OutCustId":"6000060002851105","RespCode":"000","RespDesc":"\u6210\u529f","RespExt":"{\"ProId\":\"20902120\"}","SubOrdDate":"20160902","SubOrdId":"147274814196063","TransAmt":"458.33"}

2016-10-01 00:31:14
[repayment]:{"Version":"20","CmdId":"Repayment","MerCustId":"6000060001873824","OrdId":"147525307482804","OrdDate":"20161001","OutCustId":"6000060002851105","SubOrdId":"147481958404478","SubOrdDate":"20160926","OutAcctId":"","TransAmt":"100250.00","Fee":"83.33","InCustId":"6000060002810230","InAcctId":"","DivDetails":"[{\"DivCustId\":\"6000060001873824\",\"DivAcctId\":\"MDT000001\",\"DivAmt\":\"83.33\"}]","FeeObjFlag":"O","BgRetUrl":"http:\/\/admin.antxd.com\/Hfcenter\/apiBackAutoRepayment","MerPriv":"{\"settle_id\":\"7\",\"in_user_balance\":1418897.45}","ReqExt":"{\"ProId\":\"20902120\"}","ChkValue":"3991F7A700FA027DE1B26B9B52D6058A7BE7DE2558B3E94F7922E0BC7C4169317EE215F72EEB39C4E3EAD41F5128BDE032C7C18392D5D306D42B0798C43B848F33D35E696DBC67EACE97BA4ED7128E6F2F55148B4C522BF4675A2C6B50ADAF441B9A8E283E894DF6CD4DA369DCC0C06913D3E64CA52C39B5C55A11EA4DF68747"}
[checkValue]:3991F7A700FA027DE1B26B9B52D6058A7BE7DE2558B3E94F7922E0BC7C4169317EE215F72EEB39C4E3EAD41F5128BDE032C7C18392D5D306D42B0798C43B848F33D35E696DBC67EACE97BA4ED7128E6F2F55148B4C522BF4675A2C6B50ADAF441B9A8E283E894DF6CD4DA369DCC0C06913D3E64CA52C39B5C55A11EA4DF68747
2016-10-01 00:31:14
[update user account] : UPDATE `yzh_user_account` SET `money` = '296277.76', `withdrawal_cash` = '296277.76'
WHERE `uid` = '27'

2016-10-01 00:31:14
[update user account] : UPDATE `yzh_tenderee_account` SET `money` = '296277.76', `withdrawal_cash` = '296277.76'
WHERE `uid` = '27'

2016-10-01 00:31:15
[update user account] : UPDATE `yzh_user_account` SET `money` = '590935.11', `withdrawal_cash` = '590935.11'
WHERE `uid` = '22'

2016-10-01 00:31:15
[update user account] : UPDATE `yzh_tenderee_account` SET `money` = '590935.11', `withdrawal_cash` = '590935.11'
WHERE `uid` = '22'

2016-10-01 00:31:15
[apiBackAutoRepayment]user_account:UPDATE `yzh_user_account` SET gain_total = gain_total+458.33333
WHERE `uid` = '22'

2016-10-01 00:31:15
[repayment response]: {"CmdId":"Repayment","RespCode":"000","RespDesc":"\u6210\u529f","ChkValue":"ADAF8A0F230533DFEE5FCF873ADEE0589B4F88F67DFD78B32151C72D51437EC6E7609E700BF756F5716C304EB9EB0E478F3F1133D4FA566F50638A05F614EB7E9B7B90B527E1EB3D3F6308166BBA8DAB99F047A3804FC45DB5DA980EFAEB4BA64FFD7CF3CD21EB4962A530563FFAB0B55492B233F8A09ECA2A481A17D53D493E","Version":"","MerCustId":"6000060001873824","OrdId":"147525307482804","OrdDate":"20161001","OutCustId":"6000060002851105","SubOrdId":"147481958404478","SubOrdDate":"20160926","OutAcctId":"MDT000001","TransAmt":"100250.00","Fee":"83.33","InCustId":"6000060002810230","InAcctId":"MDT000001","BgRetUrl":"http:\/\/admin.antxd.com\/Hfcenter\/apiBackAutoRepayment","MerPriv":"{\"settle_id\":\"7\",\"in_user_balance\":1418897.45}","FeeObjFlag":"O","RespExt":"{\"ProId\":\"20902120\"}"}

2016-10-01 00:31:15
[repayment]:{"Version":"20","CmdId":"Repayment","MerCustId":"6000060001873824","OrdId":"147525307540615","OrdDate":"20161001","OutCustId":"6000060002851105","SubOrdId":"147274815962668","SubOrdDate":"20160902","OutAcctId":"","TransAmt":"100708.33","Fee":"236.11","InCustId":"6000060002810230","InAcctId":"","DivDetails":"[{\"DivCustId\":\"6000060001873824\",\"DivAcctId\":\"MDT000001\",\"DivAmt\":\"236.11\"}]","FeeObjFlag":"O","BgRetUrl":"http:\/\/admin.antxd.com\/Hfcenter\/apiBackAutoRepayment","MerPriv":"{\"settle_id\":\"8\",\"in_user_balance\":1519147.45}","ReqExt":"{\"ProId\":\"20902120\"}","ChkValue":"2D628BD54E1D0A4E895F1D7ECC7F4F9DAE44519A4AA2F1F32BDFE36FE55756324FDC55427180C742EB7FA28258E3F506CFA549477704E16A8C60A08415FE3CEBCFA6AA63475E0B5ADE640AEDD6E69A814C40F20781BF7F8BC5D60DFDF2AAD2BD5AE5A74112BEE8B5E50C867426DB1F43F00ED055D5913942AEF9139AC60C3BD1"}
[checkValue]:2D628BD54E1D0A4E895F1D7ECC7F4F9DAE44519A4AA2F1F32BDFE36FE55756324FDC55427180C742EB7FA28258E3F506CFA549477704E16A8C60A08415FE3CEBCFA6AA63475E0B5ADE640AEDD6E69A814C40F20781BF7F8BC5D60DFDF2AAD2BD5AE5A74112BEE8B5E50C867426DB1F43F00ED055D5913942AEF9139AC60C3BD1
2016-10-01 00:31:15
[apiBackAutoRepayment]:{"BgRetUrl":"http:\/\/admin.antxd.com\/Hfcenter\/apiBackAutoRepayment","ChkValue":"ADAF8A0F230533DFEE5FCF873ADEE0589B4F88F67DFD78B32151C72D51437EC6E7609E700BF756F5716C304EB9EB0E478F3F1133D4FA566F50638A05F614EB7E9B7B90B527E1EB3D3F6308166BBA8DAB99F047A3804FC45DB5DA980EFAEB4BA64FFD7CF3CD21EB4962A530563FFAB0B55492B233F8A09ECA2A481A17D53D493E","CmdId":"Repayment","Fee":"83.33","FeeObjFlag":"O","InAcctId":"MDT000001","InCustId":"6000060002810230","MerCustId":"6000060001873824","MerPriv":"{\"settle_id\":\"7\",\"in_user_balance\":1418897.45}","OrdDate":"20161001","OrdId":"147525307482804","OutAcctId":"MDT000001","OutCustId":"6000060002851105","RespCode":"000","RespDesc":"\u6210\u529f","RespExt":"{\"ProId\":\"20902120\"}","SubOrdDate":"20160926","SubOrdId":"147481958404478","TransAmt":"100250.00"}

2016-10-01 00:31:15
[update user account] : UPDATE `yzh_user_account` SET `money` = '195944.43', `withdrawal_cash` = '195944.43'
WHERE `uid` = '27'

2016-10-01 00:31:15
[update user account] : UPDATE `yzh_tenderee_account` SET `money` = '195944.43', `withdrawal_cash` = '195944.43'
WHERE `uid` = '27'

2016-10-01 00:31:15
[repayment response]: {"CmdId":"Repayment","RespCode":"000","RespDesc":"\u6210\u529f","ChkValue":"B76C3C62C3E0B67F0EC2EAE81D29DA3BB1BB8F2E3A3E1E2E72F45DAFA72240DCD9BEEC819D1696E617A7B40C7A37E92F191A2BA32F9BB3730A6E8321A52D549D09762456B1A164C587D8A36709C9A6B7F4D90FB16FC5DA2C25265A7D1309D37CC692465B196CD5D7E09C2001AFC4AF9E58295EB63C8D39708985958079D9D997","Version":"","MerCustId":"6000060001873824","OrdId":"147525307540615","OrdDate":"20161001","OutCustId":"6000060002851105","SubOrdId":"147274815962668","SubOrdDate":"20160902","OutAcctId":"MDT000001","TransAmt":"100708.33","Fee":"236.11","InCustId":"6000060002810230","InAcctId":"MDT000001","BgRetUrl":"http:\/\/admin.antxd.com\/Hfcenter\/apiBackAutoRepayment","MerPriv":"{\"settle_id\":\"8\",\"in_user_balance\":1519147.45}","FeeObjFlag":"O","RespExt":"{\"ProId\":\"20902120\"}"}

2016-10-01 00:31:16
[update user account] : UPDATE `yzh_user_account` SET `money` = '1619855.78', `withdrawal_cash` = '1619855.78'
WHERE `uid` = '21'

2016-10-01 00:31:16
[update user account] : UPDATE `yzh_tenderee_account` SET `money` = '1619855.78', `withdrawal_cash` = '1619855.78'
WHERE `uid` = '21'

2016-10-01 00:31:16
[apiBackAutoRepayment]update_project:UPDATE `yzh_project` SET `status` = 80
WHERE `id` = '2'

2016-10-01 00:31:16
[apiBackAutoRepayment]user_account:UPDATE `yzh_user_account` SET gain_total = gain_total+250
WHERE `uid` = '21'

2016-10-01 00:31:16
[apiBackAutoRepayment]:{"BgRetUrl":"http:\/\/admin.antxd.com\/Hfcenter\/apiBackAutoRepayment","ChkValue":"B76C3C62C3E0B67F0EC2EAE81D29DA3BB1BB8F2E3A3E1E2E72F45DAFA72240DCD9BEEC819D1696E617A7B40C7A37E92F191A2BA32F9BB3730A6E8321A52D549D09762456B1A164C587D8A36709C9A6B7F4D90FB16FC5DA2C25265A7D1309D37CC692465B196CD5D7E09C2001AFC4AF9E58295EB63C8D39708985958079D9D997","CmdId":"Repayment","Fee":"236.11","FeeObjFlag":"O","InAcctId":"MDT000001","InCustId":"6000060002810230","MerCustId":"6000060001873824","MerPriv":"{\"settle_id\":\"8\",\"in_user_balance\":1519147.45}","OrdDate":"20161001","OrdId":"147525307540615","OutAcctId":"MDT000001","OutCustId":"6000060002851105","RespCode":"000","RespDesc":"\u6210\u529f","RespExt":"{\"ProId\":\"20902120\"}","SubOrdDate":"20160902","SubOrdId":"147274815962668","TransAmt":"100708.33"}

2016-10-01 00:31:16
[update user account] : UPDATE `yzh_user_account` SET `money` = '94999.99', `withdrawal_cash` = '94999.99'
WHERE `uid` = '27'

2016-10-01 00:31:16
[update user account] : UPDATE `yzh_tenderee_account` SET `money` = '94999.99', `withdrawal_cash` = '94999.99'
WHERE `uid` = '27'

2016-10-01 00:31:16
[update user account] : UPDATE `yzh_user_account` SET `money` = '1619855.78', `withdrawal_cash` = '1619855.78'
WHERE `uid` = '21'

2016-10-01 00:31:16
[update user account] : UPDATE `yzh_tenderee_account` SET `money` = '1619855.78', `withdrawal_cash` = '1619855.78'
WHERE `uid` = '21'

2016-10-01 00:31:16
[apiBackAutoRepayment]update_project:UPDATE `yzh_project` SET `status` = 80
WHERE `id` = '2'

2016-10-01 00:31:16
[apiBackAutoRepayment]user_account:UPDATE `yzh_user_account` SET gain_total = gain_total+708.33332999999
WHERE `uid` = '21'

2016-10-01 00:39:26
[update user account] : UPDATE `yzh_user_account` SET `money` = '94999.99', `withdrawal_cash` = '94999.99'
WHERE `uid` = '27'

2016-10-01 00:39:26
[update user account] : UPDATE `yzh_tenderee_account` SET `money` = '94999.99', `withdrawal_cash` = '94999.99'
WHERE `uid` = '27'

2016-10-01 00:40:49
[update user account] : UPDATE `yzh_user_account` SET `money` = '94999.99', `withdrawal_cash` = '94999.99'
WHERE `uid` = '27'

2016-10-01 00:40:49
[update user account] : UPDATE `yzh_tenderee_account` SET `money` = '94999.99', `withdrawal_cash` = '94999.99'
WHERE `uid` = '27'

2016-10-01 00:40:50
[update user account] : UPDATE `yzh_user_account` SET `money` = '94999.99', `withdrawal_cash` = '94999.99'
WHERE `uid` = '27'

2016-10-01 00:40:50
[update user account] : UPDATE `yzh_tenderee_account` SET `money` = '94999.99', `withdrawal_cash` = '94999.99'
WHERE `uid` = '27'

2016-10-01 00:46:55
[update user account] : UPDATE `yzh_user_account` SET `money` = '590935.11', `withdrawal_cash` = '590935.11'
WHERE `uid` = '22'

2016-10-01 00:46:55
[update user account] : UPDATE `yzh_tenderee_account` SET `money` = '590935.11', `withdrawal_cash` = '590935.11'
WHERE `uid` = '22'

2016-10-01 00:13:00
[repayment]:{"Version":"20","CmdId":"Repayment","MerCustId":"6000060001873824","OrdId":"147525198087033","OrdDate":"20161001","OutCustId":"6000060002809527","SubOrdId":"147274762099098","SubOrdDate":"20160902","OutAcctId":"","TransAmt":"50236.11","Fee":"118.06","InCustId":"6000060002809750","InAcctId":"","DivDetails":"[{\"DivCustId\":\"6000060001873824\",\"DivAcctId\":\"MDT000001\",\"DivAmt\":\"118.06\"}]","FeeObjFlag":"O","BgRetUrl":"http:\/\/admin.antxd.com\/Hfcenter\/apiBackAutoRepayment","MerPriv":"{\"settle_id\":\"1\",\"in_user_balance\":1209313.87}","ReqExt":"{\"ProId\":\"20902218\"}","ChkValue":"0907D665B9CFBF91F630100920A1FBDAD0FACAA57DE485BCAB8E8C01E881DE9BA194324053F47BA14EDD19E5FED10BBF2014CC4ACF0AA10146D641168E096CCA6D084930AFABF69ABD5EE997E6106FEA9F621FA4CBFE270282C5DDE8288D02D0213A2B367ECCFB6F0BBD742A610A6809C328F39CF28D80EB6C65E7601A7C0CA4"}
[checkValue]:0907D665B9CFBF91F630100920A1FBDAD0FACAA57DE485BCAB8E8C01E881DE9BA194324053F47BA14EDD19E5FED10BBF2014CC4ACF0AA10146D641168E096CCA6D084930AFABF69ABD5EE997E6106FEA9F621FA4CBFE270282C5DDE8288D02D0213A2B367ECCFB6F0BBD742A610A6809C328F39CF28D80EB6C65E7601A7C0CA4
2016-10-01 00:13:01
[repayment response]: {"CmdId":"Repayment","RespCode":"349","RespDesc":"\u672c\u6b21\u8fd8\u6b3e\u91d1\u989d\u52a0\u4e0a\u5df2\u8fd8\u6b3e\u91d1\u989d\u8d85\u8fc7\u8fd8\u6b3e\u603b\u989d","ChkValue":"EDA72759CC9FC11C931A06018D592FC0AF41A0F6095DCEC1A563D56A8CAA4DC68DFA1AE1ED0034DED84ACAEE97EDD0F8DC9B03333B238F08B281A272F5E10118180F6E21132DE14988EAFFAA27B0DBC1B842BF4D13AD8DD51F19E01DDBD44C4D2532727DCFC1B4A265B078021EE9EB806FAC7B8AE2C611FD3285042E31CC1467","Version":"","MerCustId":"6000060001873824","OrdId":"147525198087033","OrdDate":"20161001","OutCustId":"6000060002809527","SubOrdId":"147274762099098","SubOrdDate":"20160902","OutAcctId":"","TransAmt":"50236.11","Fee":"118.06","InCustId":"6000060002809750","InAcctId":"","BgRetUrl":"http:\/\/admin.antxd.com\/Hfcenter\/apiBackAutoRepayment","MerPriv":"{\"settle_id\":\"1\",\"in_user_balance\":1209313.87}","FeeObjFlag":"O","RespExt":"{\"ProId\":\"20902218\"}"}

2016-10-01 00:13:01
[apiBackAutoRepayment]:{"BgRetUrl":"http:\/\/admin.antxd.com\/Hfcenter\/apiBackAutoRepayment","ChkValue":"EDA72759CC9FC11C931A06018D592FC0AF41A0F6095DCEC1A563D56A8CAA4DC68DFA1AE1ED0034DED84ACAEE97EDD0F8DC9B03333B238F08B281A272F5E10118180F6E21132DE14988EAFFAA27B0DBC1B842BF4D13AD8DD51F19E01DDBD44C4D2532727DCFC1B4A265B078021EE9EB806FAC7B8AE2C611FD3285042E31CC1467","CmdId":"Repayment","Fee":"118.06","FeeObjFlag":"O","InAcctId":"","InCustId":"6000060002809750","MerCustId":"6000060001873824","MerPriv":"{\"settle_id\":\"1\",\"in_user_balance\":1209313.87}","OrdDate":"20161001","OrdId":"147525198087033","OutAcctId":"","OutCustId":"6000060002809527","RespCode":"349","RespDesc":"\u672c\u6b21\u8fd8\u6b3e\u91d1\u989d\u52a0\u4e0a\u5df2\u8fd8\u6b3e\u91d1\u989d\u8d85\u8fc7\u8fd8\u6b3e\u603b\u989d","RespExt":"{\"ProId\":\"20902218\"}","SubOrdDate":"20160902","SubOrdId":"147274762099098","TransAmt":"50236.11"}

2016-10-01 00:14:00
[repayment]:{"Version":"20","CmdId":"Repayment","MerCustId":"6000060001873824","OrdId":"147525204031507","OrdDate":"20161001","OutCustId":"6000060002809527","SubOrdId":"147274762099098","SubOrdDate":"20160902","OutAcctId":"","TransAmt":"50236.11","Fee":"118.06","InCustId":"6000060002809750","InAcctId":"","DivDetails":"[{\"DivCustId\":\"6000060001873824\",\"DivAcctId\":\"MDT000001\",\"DivAmt\":\"118.06\"}]","FeeObjFlag":"O","BgRetUrl":"http:\/\/admin.antxd.com\/Hfcenter\/apiBackAutoRepayment","MerPriv":"{\"settle_id\":\"1\",\"in_user_balance\":1209313.87}","ReqExt":"{\"ProId\":\"20902218\"}","ChkValue":"1DDAFEE3A9E83F7CE52731C44E8FB012DD418557B4BBE0B6AAE2175205FAB242EE737B6E99C6FF29A5DF85069415BB51FB647A198504E71AC56829E7C673342BBC54F5E98885026B89A2F1FC2AAA8B2858CB9363037F35E3884E5CBCEE068C285E330EACCBAA1375A0E2687A7554C9B964F268B6EEF822372FFF51679628CE28"}
[checkValue]:1DDAFEE3A9E83F7CE52731C44E8FB012DD418557B4BBE0B6AAE2175205FAB242EE737B6E99C6FF29A5DF85069415BB51FB647A198504E71AC56829E7C673342BBC54F5E98885026B89A2F1FC2AAA8B2858CB9363037F35E3884E5CBCEE068C285E330EACCBAA1375A0E2687A7554C9B964F268B6EEF822372FFF51679628CE28
2016-10-01 00:14:00
[repayment response]: {"CmdId":"Repayment","RespCode":"349","RespDesc":"\u672c\u6b21\u8fd8\u6b3e\u91d1\u989d\u52a0\u4e0a\u5df2\u8fd8\u6b3e\u91d1\u989d\u8d85\u8fc7\u8fd8\u6b3e\u603b\u989d","ChkValue":"5B7AB977845BA8E13B850A68C5AB18BD994C72B3ED67ED0BA171D0D5EE4C444BA35306376D2CBB30DE3F71B1DC9C764DD813987486F08DF0F12129A63DCFD50538BA48B34845F37A83811B42EF0B1788DBBFD5EBDADC22A33179C78622C48D32D95E1A8FE0DE0311FE25914864F231A60FDC234F26BB02BBF709D030112609F3","Version":"","MerCustId":"6000060001873824","OrdId":"147525204031507","OrdDate":"20161001","OutCustId":"6000060002809527","SubOrdId":"147274762099098","SubOrdDate":"20160902","OutAcctId":"","TransAmt":"50236.11","Fee":"118.06","InCustId":"6000060002809750","InAcctId":"","BgRetUrl":"http:\/\/admin.antxd.com\/Hfcenter\/apiBackAutoRepayment","MerPriv":"{\"settle_id\":\"1\",\"in_user_balance\":1209313.87}","FeeObjFlag":"O","RespExt":"{\"ProId\":\"20902218\"}"}

2016-10-01 00:14:04
[apiBackAutoRepayment]:{"BgRetUrl":"http:\/\/admin.antxd.com\/Hfcenter\/apiBackAutoRepayment","ChkValue":"5B7AB977845BA8E13B850A68C5AB18BD994C72B3ED67ED0BA171D0D5EE4C444BA35306376D2CBB30DE3F71B1DC9C764DD813987486F08DF0F12129A63DCFD50538BA48B34845F37A83811B42EF0B1788DBBFD5EBDADC22A33179C78622C48D32D95E1A8FE0DE0311FE25914864F231A60FDC234F26BB02BBF709D030112609F3","CmdId":"Repayment","Fee":"118.06","FeeObjFlag":"O","InAcctId":"","InCustId":"6000060002809750","MerCustId":"6000060001873824","MerPriv":"{\"settle_id\":\"1\",\"in_user_balance\":1209313.87}","OrdDate":"20161001","OrdId":"147525204031507","OutAcctId":"","OutCustId":"6000060002809527","RespCode":"349","RespDesc":"\u672c\u6b21\u8fd8\u6b3e\u91d1\u989d\u52a0\u4e0a\u5df2\u8fd8\u6b3e\u91d1\u989d\u8d85\u8fc7\u8fd8\u6b3e\u603b\u989d","RespExt":"{\"ProId\":\"20902218\"}","SubOrdDate":"20160902","SubOrdId":"147274762099098","TransAmt":"50236.11"}

2016-10-01 00:15:26
[repayment]:{"Version":"20","CmdId":"Repayment","MerCustId":"6000060001873824","OrdId":"147525212688391","OrdDate":"20161001","OutCustId":"6000060002809527","SubOrdId":"147274762099098","SubOrdDate":"20160902","OutAcctId":"","TransAmt":"50236.11","Fee":"118.06","InCustId":"6000060002809750","InAcctId":"","DivDetails":"[{\"DivCustId\":\"6000060001873824\",\"DivAcctId\":\"MDT000001\",\"DivAmt\":\"118.06\"}]","FeeObjFlag":"O","BgRetUrl":"http:\/\/admin.antxd.com\/Hfcenter\/apiBackAutoRepayment","MerPriv":"{\"settle_id\":\"1\",\"in_user_balance\":1209313.87}","ReqExt":"{\"ProId\":\"20902218\"}","ChkValue":"83F6C4B951E0C28E6AB56865E8E3F470A77300909D14E279B3460A86CD6C8361D2427DC3456B7CBD0F28DFC6999BA596A84BBB088A6451BB428E615D9BB66EE1E60E63C5B37C8D30E331FC05FC21BE35AB9F09D731AC21726E72FE0664447C88D222642F2038D0C3F18DA5638F96FF27CE619052B9D00DA567B6E66517BDE467"}
[checkValue]:83F6C4B951E0C28E6AB56865E8E3F470A77300909D14E279B3460A86CD6C8361D2427DC3456B7CBD0F28DFC6999BA596A84BBB088A6451BB428E615D9BB66EE1E60E63C5B37C8D30E331FC05FC21BE35AB9F09D731AC21726E72FE0664447C88D222642F2038D0C3F18DA5638F96FF27CE619052B9D00DA567B6E66517BDE467
2016-10-01 00:15:27
[repayment response]: {"CmdId":"Repayment","RespCode":"349","RespDesc":"\u672c\u6b21\u8fd8\u6b3e\u91d1\u989d\u52a0\u4e0a\u5df2\u8fd8\u6b3e\u91d1\u989d\u8d85\u8fc7\u8fd8\u6b3e\u603b\u989d","ChkValue":"1042F778C53F84162D6E83E1DBE5E2CA02DA83E74B73AC438992A2704CFA7124B5BAB2ED2B558FBAE02A50AEB3C1F88C1250EDFF4397B514DC17EAA00AD8A82421F3E48CCFB2457A6FCF23ED4A6B709D814A4AC1CDEB034AAA0A3DBC20086132D80A0EC2020AFABEAA408117388F5AB1512DB0DC479D5D8B714D4B365429EA6F","Version":"","MerCustId":"6000060001873824","OrdId":"147525212688391","OrdDate":"20161001","OutCustId":"6000060002809527","SubOrdId":"147274762099098","SubOrdDate":"20160902","OutAcctId":"","TransAmt":"50236.11","Fee":"118.06","InCustId":"6000060002809750","InAcctId":"","BgRetUrl":"http:\/\/admin.antxd.com\/Hfcenter\/apiBackAutoRepayment","MerPriv":"{\"settle_id\":\"1\",\"in_user_balance\":1209313.87}","FeeObjFlag":"O","RespExt":"{\"ProId\":\"20902218\"}"}

2016-10-01 00:15:27
[apiBackAutoRepayment]:{"BgRetUrl":"http:\/\/admin.antxd.com\/Hfcenter\/apiBackAutoRepayment","ChkValue":"1042F778C53F84162D6E83E1DBE5E2CA02DA83E74B73AC438992A2704CFA7124B5BAB2ED2B558FBAE02A50AEB3C1F88C1250EDFF4397B514DC17EAA00AD8A82421F3E48CCFB2457A6FCF23ED4A6B709D814A4AC1CDEB034AAA0A3DBC20086132D80A0EC2020AFABEAA408117388F5AB1512DB0DC479D5D8B714D4B365429EA6F","CmdId":"Repayment","Fee":"118.06","FeeObjFlag":"O","InAcctId":"","InCustId":"6000060002809750","MerCustId":"6000060001873824","MerPriv":"{\"settle_id\":\"1\",\"in_user_balance\":1209313.87}","OrdDate":"20161001","OrdId":"147525212688391","OutAcctId":"","OutCustId":"6000060002809527","RespCode":"349","RespDesc":"\u672c\u6b21\u8fd8\u6b3e\u91d1\u989d\u52a0\u4e0a\u5df2\u8fd8\u6b3e\u91d1\u989d\u8d85\u8fc7\u8fd8\u6b3e\u603b\u989d","RespExt":"{\"ProId\":\"20902218\"}","SubOrdDate":"20160902","SubOrdId":"147274762099098","TransAmt":"50236.11"}

2016-10-01 00:18:00
[repayment]:{"Version":"20","CmdId":"Repayment","MerCustId":"6000060001873824","OrdId":"147525228061958","OrdDate":"20161001","OutCustId":"6000060002809527","SubOrdId":"147274762099098","SubOrdDate":"20160902","OutAcctId":"","TransAmt":"50236.11","Fee":"118.06","InCustId":"6000060002809750","InAcctId":"","DivDetails":"[{\"DivCustId\":\"6000060001873824\",\"DivAcctId\":\"MDT000001\",\"DivAmt\":\"118.06\"}]","FeeObjFlag":"O","BgRetUrl":"http:\/\/admin.antxd.com\/Hfcenter\/apiBackAutoRepayment","MerPriv":"{\"settle_id\":\"1\",\"in_user_balance\":1209313.87}","ReqExt":"{\"ProId\":\"20902218\"}","ChkValue":"51867F7EFBAEACFB0775441360D17EE427ADBA79C4DD4C9911451C9888AF075F4DA13101FBAE0AEF43C7740750BBF589B576B1A75F785D0DF612273B8817EB0F06AFE9C30DBF956B1BDA3AE93DB25B41A15A833F4E24CD7267B2199C8EE6BF6315BBCC1FDAF40774B215252BE1BA3C514BC326FB2931304B6A1974B760D51589"}
[checkValue]:51867F7EFBAEACFB0775441360D17EE427ADBA79C4DD4C9911451C9888AF075F4DA13101FBAE0AEF43C7740750BBF589B576B1A75F785D0DF612273B8817EB0F06AFE9C30DBF956B1BDA3AE93DB25B41A15A833F4E24CD7267B2199C8EE6BF6315BBCC1FDAF40774B215252BE1BA3C514BC326FB2931304B6A1974B760D51589
2016-10-01 00:18:01
[repayment response]: {"CmdId":"Repayment","RespCode":"349","RespDesc":"\u672c\u6b21\u8fd8\u6b3e\u91d1\u989d\u52a0\u4e0a\u5df2\u8fd8\u6b3e\u91d1\u989d\u8d85\u8fc7\u8fd8\u6b3e\u603b\u989d","ChkValue":"0CD12A41850D4D852F7A5B0E453E344690D6F39178B00253D8BB5E7A8B60B2A43C77521102B91212EB6F673BD76671500443D9BAF95EE781BCB16C421F92EA911180C7CB1F83CED88DD7F7090F77CB6C1BDC9981939E0FF49D32A4577404A40C2CDDBD73A039D1089532B5EACFB72B86838B4C4157C27BB626F9B5A6C02362DC","Version":"","MerCustId":"6000060001873824","OrdId":"147525228061958","OrdDate":"20161001","OutCustId":"6000060002809527","SubOrdId":"147274762099098","SubOrdDate":"20160902","OutAcctId":"","TransAmt":"50236.11","Fee":"118.06","InCustId":"6000060002809750","InAcctId":"","BgRetUrl":"http:\/\/admin.antxd.com\/Hfcenter\/apiBackAutoRepayment","MerPriv":"{\"settle_id\":\"1\",\"in_user_balance\":1209313.87}","FeeObjFlag":"O","RespExt":"{\"ProId\":\"20902218\"}"}

2016-10-01 00:18:01
[apiBackAutoRepayment]:{"BgRetUrl":"http:\/\/admin.antxd.com\/Hfcenter\/apiBackAutoRepayment","ChkValue":"0CD12A41850D4D852F7A5B0E453E344690D6F39178B00253D8BB5E7A8B60B2A43C77521102B91212EB6F673BD76671500443D9BAF95EE781BCB16C421F92EA911180C7CB1F83CED88DD7F7090F77CB6C1BDC9981939E0FF49D32A4577404A40C2CDDBD73A039D1089532B5EACFB72B86838B4C4157C27BB626F9B5A6C02362DC","CmdId":"Repayment","Fee":"118.06","FeeObjFlag":"O","InAcctId":"","InCustId":"6000060002809750","MerCustId":"6000060001873824","MerPriv":"{\"settle_id\":\"1\",\"in_user_balance\":1209313.87}","OrdDate":"20161001","OrdId":"147525228061958","OutAcctId":"","OutCustId":"6000060002809527","RespCode":"349","RespDesc":"\u672c\u6b21\u8fd8\u6b3e\u91d1\u989d\u52a0\u4e0a\u5df2\u8fd8\u6b3e\u91d1\u989d\u8d85\u8fc7\u8fd8\u6b3e\u603b\u989d","RespExt":"{\"ProId\":\"20902218\"}","SubOrdDate":"20160902","SubOrdId":"147274762099098","TransAmt":"50236.11"}

2016-10-01 00:22:07
[userRegister]:{"Version":"10","CmdId":"UserRegister","MerCustId":"6000060001873824","BgRetUrl":"http:\/\/www.antxd.com\/Hfcenter\/apiBackCreate","RetUrl":"","UsrId":"","UsrName":"","IdType":"","IdNo":"","UsrMp":"15612345678","UsrEmail":"","MerPriv":"2","CharSet":"","ChkValue":"1421D4F06E5C1FDB3C33C3B166F97397C42883BC53D7C5DF0D713BDDA3A972DC7ADB6B264694EF161DDC80FC9347F421EA349493A2536F6567DD08C23B497B5D839F534B96AF8938B872470F9ABAF457D4ACC5CB892DF8F747F261986036EAC481A5651FA76630A57154C67BED832708A0A82B032E45B7E173EF46EFE77AAC7E"}
[checkValue]:10UserRegister6000060001873824http://www.antxd.com/Hfcenter/apiBackCreate156123456782
2016-10-01 00:22:17
[userRegister]:{"Version":"10","CmdId":"UserRegister","MerCustId":"6000060001873824","BgRetUrl":"http:\/\/www.antxd.com\/Hfcenter\/apiBackCreate","RetUrl":"","UsrId":"","UsrName":"","IdType":"","IdNo":"","UsrMp":"15612345678","UsrEmail":"","MerPriv":"2","CharSet":"","ChkValue":"1421D4F06E5C1FDB3C33C3B166F97397C42883BC53D7C5DF0D713BDDA3A972DC7ADB6B264694EF161DDC80FC9347F421EA349493A2536F6567DD08C23B497B5D839F534B96AF8938B872470F9ABAF457D4ACC5CB892DF8F747F261986036EAC481A5651FA76630A57154C67BED832708A0A82B032E45B7E173EF46EFE77AAC7E"}
[checkValue]:10UserRegister6000060001873824http://www.antxd.com/Hfcenter/apiBackCreate156123456782
2016-10-01 00:24:25
[userRegister]:{"Version":"10","CmdId":"UserRegister","MerCustId":"6000060001873824","BgRetUrl":"http:\/\/www.antxd.com\/Hfcenter\/apiBackCreate","RetUrl":"","UsrId":"","UsrName":"","IdType":"","IdNo":"","UsrMp":"15612345678","UsrEmail":"","MerPriv":"2","CharSet":"","ChkValue":"1421D4F06E5C1FDB3C33C3B166F97397C42883BC53D7C5DF0D713BDDA3A972DC7ADB6B264694EF161DDC80FC9347F421EA349493A2536F6567DD08C23B497B5D839F534B96AF8938B872470F9ABAF457D4ACC5CB892DF8F747F261986036EAC481A5651FA76630A57154C67BED832708A0A82B032E45B7E173EF46EFE77AAC7E"}
[checkValue]:10UserRegister6000060001873824http://www.antxd.com/Hfcenter/apiBackCreate156123456782
2016-10-01 00:24:45
[userRegister]:{"Version":"10","CmdId":"UserRegister","MerCustId":"6000060001873824","BgRetUrl":"http:\/\/www.antxd.com\/Hfcenter\/apiBackCreate","RetUrl":"","UsrId":"","UsrName":"","IdType":"","IdNo":"","UsrMp":"15612345678","UsrEmail":"","MerPriv":"2","CharSet":"","ChkValue":"1421D4F06E5C1FDB3C33C3B166F97397C42883BC53D7C5DF0D713BDDA3A972DC7ADB6B264694EF161DDC80FC9347F421EA349493A2536F6567DD08C23B497B5D839F534B96AF8938B872470F9ABAF457D4ACC5CB892DF8F747F261986036EAC481A5651FA76630A57154C67BED832708A0A82B032E45B7E173EF46EFE77AAC7E"}
[checkValue]:10UserRegister6000060001873824http://www.antxd.com/Hfcenter/apiBackCreate156123456782
2016-10-01 00:25:38
[apiBackCreate]:{"BgRetUrl":"http:\/\/www.antxd.com\/Hfcenter\/apiBackCreate","ChkValue":"7080BBD1D9F6C4EB4479233F26F703BD49EFFAB3B794732C5ACA6633216FF261232C7593B503096332A52054F1507E3CCD9FA866E45FA5101BACD35328D29AE6AE339BCAA1AAB6EB3752E1AFA1249897567E55912F2CBB498463C23E2B4C1FEA485546E8006F875E139625CAFC8718284051F0B267C5CA59EBC50D729D51C07B","CmdId":"UserRegister","IdNo":"120102198503025323","IdType":"00","MerCustId":"6000060001873824","MerPriv":"2","RespCode":"000","RespDesc":"\u6210\u529f","RetUrl":"","TrxId":"615001977728446931","UsrCustId":"6000060002879185","UsrEmail":"","UsrId":"yzh_12345678","UsrMp":"15612345678","UsrName":"\u5173\u4e8e"}

2016-10-01 09:37:11
[netSave]:{"Version":"10","CmdId":"NetSave","MerCustId":"6000060001873824","UsrCustId":"6000060002809750","OrdId":"147528583114068","OrdDate":"20161001","GateBusiId":"B2C","OpenBankId":"CCB","DcFlag":"D","TransAmt":"2.00","RetUrl":"","BgRetUrl":"http:\/\/www.antxd.com\/Hfcenter\/apiBackRecharge","MerPriv":"19","ChkValue":"C12764B3707D0A1F22A480D3B84E6499465A08451DAB35EB2DC41E2DE8ED8FF18A8871CB115B9CFDFBC6CA71444733B2CCB4C00F642B2BE4A5C57DAD493B9B500728A99CFEF3255F9EBE2E0FB381C73E03223E46AAE482012A1094F4C7EAF479ED34BF43049B773D3ED4D98110EA3ACC53B516A0D711FE24646CCF6906FD6E75"}
[checkValue]:10NetSave6000060001873824600006000280975014752858311406820161001B2CCCBD2.00http://www.antxd.com/Hfcenter/apiBackRecharge19
2016-10-01 09:37:32
[netSave]:{"Version":"10","CmdId":"NetSave","MerCustId":"6000060001873824","UsrCustId":"6000060002809750","OrdId":"147528585279711","OrdDate":"20161001","GateBusiId":"B2C","OpenBankId":"BOC","DcFlag":"D","TransAmt":"3.00","RetUrl":"","BgRetUrl":"http:\/\/www.antxd.com\/Hfcenter\/apiBackRecharge","MerPriv":"19","ChkValue":"3A6F7C4D68276517EE7FE208E9BB5796E8895CAE1ABD5D2F6A61A9147F77856AF4A686C615927B9FE0EFCE97A6D02C0872B10865C77549AC52FA7054449C35005F46DB38857988F3303BA69234E1CADC074B17166D87DBFEB36127CA19B9ACF9F9EFAB0F33CBFC861398C94A78C9212FB28F1B64A2F6BEB1C940F34488993627"}
[checkValue]:10NetSave6000060001873824600006000280975014752858527971120161001B2CBOCD3.00http://www.antxd.com/Hfcenter/apiBackRecharge19
2016-10-01 09:37:54
[netSave]:{"Version":"10","CmdId":"NetSave","MerCustId":"6000060001873824","UsrCustId":"6000060002809750","OrdId":"147528587463627","OrdDate":"20161001","GateBusiId":"B2C","OpenBankId":"CIB","DcFlag":"D","TransAmt":"3.00","RetUrl":"","BgRetUrl":"http:\/\/www.antxd.com\/Hfcenter\/apiBackRecharge","MerPriv":"19","ChkValue":"238F13C5F3B60F4F974F19FFC73E06A060BF609B1B6544633CFB2CE12FC626625E8B3425FCF7CB5C29D71D78950B9C9A7DFB55774AAC539B31859632D488AB5B81B42083839F3768D5F8B4911CF292C2D2AC9A82634FB5F67C86B8C56062F40B4740710F830B3A5554CB7B5087D3A3861411D8A4503000D9D6AD529773D73467"}
[checkValue]:10NetSave6000060001873824600006000280975014752858746362720161001B2CCIBD3.00http://www.antxd.com/Hfcenter/apiBackRecharge19