
2016-09-26 00:05:27
[creditAssign]:{"Version":"10","CmdId":"CreditAssign","MerCustId":"6000060001873824","SellCustId":"6000060002810249","CreditAmt":"20000.00","CreditDealAmt":"19960.00","BidDetails":"{\"BidDetails\":[{\"BidOrdId\":\"147387001435937\",\"BidOrdDate\":\"20160915\",\"BidCreditAmt\":\"20000.00\",\"BorrowerDetails\":[{\"BorrowerCustId\":\"6000060002809527\",\"BorrowerCreditAmt\":\"20000.00\",\"PrinAmt\":\"0.00\",\"ProId\":\"20902218\"}]}]}","Fee":"0.00","DivDetails":"","BuyCustId":"6000060002809876","OrdId":"147481952761917","OrdDate":"20160926","RetUrl":"","BgRetUrl":"http:\/\/www.antxd.com\/Hfcenter\/apiBackPCredit","MerPriv":"{\"pro_id\":\"1\",\"hforder_id\":\"147274768363675\",\"credit_id\":\"2\",\"credit_to_uid\":\"20\",\"discount\":0.998}","ReqExt":"","ChkValue":"C12879D2A918DB5B44A963AF1BCEC564C7572955569246B43ED7642EF1B5CCC69C9E6AD18E5D081655832EF56C8ED9E9136E43913DD675327AB09ED77F3160DC4A4F54CDA8B34CCE05480792DEEAA88BF56F2395805CE37B8EC2CF9FDE1FB3D49A1BF574D0B756FD0B53D7C8BEEFD993D1D363F36C78F88938A2CD6C01593238"}
[checkValue]:10CreditAssign6000060001873824600006000281024920000.0019960.00{"BidDetails":[{"BidOrdId":"147387001435937","BidOrdDate":"20160915","BidCreditAmt":"20000.00","BorrowerDetails":[{"BorrowerCustId":"6000060002809527","BorrowerCreditAmt":"20000.00","PrinAmt":"0.00","ProId":"20902218"}]}]}0.00600006000280987614748195276191720160926http://www.antxd.com/Hfcenter/apiBackPCredit{"pro_id":"1","hforder_id":"147274768363675","credit_id":"2","credit_to_uid":"20","discount":0.998}
2016-09-26 00:05:44
[apiBackPCredit]:{"BgRetUrl":"http:\/\/www.antxd.com\/Hfcenter\/apiBackPCredit","BuyCustId":"6000060002809876","ChkValue":"E2D9B4356228B2F12CD9CB58AE94D8931FB1EE4DF92B8B9908C36B331BA62C11650056EC77B8121DBF15C9CE12F816BC58C7574D6B0C877B204A7FA06CDB982C36ED87EF14E4AB691D26576B98ABF24E767CE5F081211B51CCE005B278132BC349FC94D35921A2DEE59A3F063782DF1896680854DB2E12F1C4C5227CFA115211","CmdId":"CreditAssign","CreditAmt":"20000.00","CreditDealAmt":"19960.00","Fee":"0.00","MerCustId":"6000060001873824","MerPriv":"{\"pro_id\":\"1\",\"hforder_id\":\"147274768363675\",\"credit_id\":\"2\",\"credit_to_uid\":\"20\",\"discount\":0.998}","OrdDate":"20160926","OrdId":"147481952761917","RespCode":"000","RespDesc":"\u6210\u529f","RespExt":"","RetUrl":"","SellCustId":"6000060002810249"}

2016-09-26 00:05:44
更新project_user表数据:UPDATE `yzh_project_user` SET `credit_status` = 10, `credit_to_uid` = '20'
WHERE `hforder_id` = '147274768363675'

2016-09-26 00:05:44
新增credit_record表数据:INSERT INTO `yzh_credit_record` (`pro_id`, `item_id`, `credit_id`, `from_uid`, `to_uid`, `from_amount`, `to_amount`, `discount`, `deal_time`, `hf_order_id`) VALUES ('1', '2', '2', '22', '20', '20000.00000', '19960.00', 0.998, '2016-09-26 00:05:44', '147481952761917')

2016-09-26 00:05:44
[update user account] : UPDATE `yzh_user_account` SET `money` = '490615.67', `withdrawal_cash` = '490615.67'
WHERE `uid` = '22'

2016-09-26 00:05:44
[update user account] : UPDATE `yzh_tenderee_account` SET `money` = '490615.67', `withdrawal_cash` = '490615.67'
WHERE `uid` = '22'

2016-09-26 00:05:44
新增债权出让人user_flow表数据:INSERT INTO `yzh_user_flow_2016` (`uid`, `type`, `amount`, `remaining_amount`, `status`, `create_time`, `comment`) VALUES ('22', 9, '19960.00', 490615.67, 5, '2016-09-26 00:05:44', '成功出让债权(原始项目:AC20902218)')

2016-09-26 00:05:44
[update user account] : UPDATE `yzh_user_account` SET `money` = '1965862.94', `withdrawal_cash` = '1965862.94'
WHERE `uid` = '20'

2016-09-26 00:05:44
[update user account] : UPDATE `yzh_tenderee_account` SET `money` = '1965862.94', `withdrawal_cash` = '1965862.94'
WHERE `uid` = '20'

2016-09-26 00:05:44
新增债权购买人user_flow表数据:INSERT INTO `yzh_user_flow_2016` (`uid`, `type`, `amount`, `remaining_amount`, `status`, `create_time`, `comment`) VALUES ('20', 10, '19960.00', 1965862.94, 5, '2016-09-26 00:05:44', '成功购买债权(原始项目:AC20902218)')

2016-09-26 00:06:24
[creditAssign]:{"Version":"10","CmdId":"CreditAssign","MerCustId":"6000060001873824","SellCustId":"6000060002810249","CreditAmt":"100000.00","CreditDealAmt":"99800.00","BidDetails":"{\"BidDetails\":[{\"BidOrdId\":\"147274814196063\",\"BidOrdDate\":\"20160902\",\"BidCreditAmt\":\"100000.00\",\"BorrowerDetails\":[{\"BorrowerCustId\":\"6000060002851105\",\"BorrowerCreditAmt\":\"100000.00\",\"PrinAmt\":\"0.00\",\"ProId\":\"20902120\"}]}]}","Fee":"0.00","DivDetails":"","BuyCustId":"6000060002810230","OrdId":"147481958404478","OrdDate":"20160926","RetUrl":"","BgRetUrl":"http:\/\/www.antxd.com\/Hfcenter\/apiBackPCredit","MerPriv":"{\"pro_id\":\"2\",\"hforder_id\":\"147274814196063\",\"credit_id\":\"3\",\"credit_to_uid\":\"21\",\"discount\":0.998}","ReqExt":"","ChkValue":"911C2FB559D03D0562306EE9B67FBF0D4D446169EC6E0239BF62B43714AE68F96A27020FD02F6AA9B67C6F7F2DE0BEEF7CF3DBE720472E44957AC1F95A9A5B95D8DFD3ADF75CE178B513623F83CE7A7AD40F78BBFADC3E7C1D13349D1F361D3E891E69D2369A4F44C840FA81A281BC4477F98D23672097DB428111611586B6F0"}
[checkValue]:10CreditAssign60000600018738246000060002810249100000.0099800.00{"BidDetails":[{"BidOrdId":"147274814196063","BidOrdDate":"20160902","BidCreditAmt":"100000.00","BorrowerDetails":[{"BorrowerCustId":"6000060002851105","BorrowerCreditAmt":"100000.00","PrinAmt":"0.00","ProId":"20902120"}]}]}0.00600006000281023014748195840447820160926http://www.antxd.com/Hfcenter/apiBackPCredit{"pro_id":"2","hforder_id":"147274814196063","credit_id":"3","credit_to_uid":"21","discount":0.998}
2016-09-26 00:06:28
[apiBackPCredit]:{"BgRetUrl":"http:\/\/www.antxd.com\/Hfcenter\/apiBackPCredit","BuyCustId":"6000060002810230","ChkValue":"97913E71C6B3562EC7226BE47103FAB6C4A61FA4858F408A67CE19BB1BE6AF883D62AC4992F44B4D47C5F2FC433081422B2D85AD260D9EF953DC624D0731E933D140EF1DDD508196D664501EC099DFDF87741FA55B7006686F27BC790151622E83EAF92863475E0D182A4E7627F0D02B98F24B3D31FBB49AC15DD2F3FD75EAA0","CmdId":"CreditAssign","CreditAmt":"100000.00","CreditDealAmt":"99800.00","Fee":"0.00","MerCustId":"6000060001873824","MerPriv":"{\"pro_id\":\"2\",\"hforder_id\":\"147274814196063\",\"credit_id\":\"3\",\"credit_to_uid\":\"21\",\"discount\":0.998}","OrdDate":"20160926","OrdId":"147481958404478","RespCode":"000","RespDesc":"\u6210\u529f","RespExt":"","RetUrl":"","SellCustId":"6000060002810249"}

2016-09-26 00:06:28
更新project_user表数据:UPDATE `yzh_project_user` SET `credit_status` = 10, `credit_to_uid` = '21'
WHERE `hforder_id` = '147274814196063'

2016-09-26 00:06:28
新增credit_record表数据:INSERT INTO `yzh_credit_record` (`pro_id`, `item_id`, `credit_id`, `from_uid`, `to_uid`, `from_amount`, `to_amount`, `discount`, `deal_time`, `hf_order_id`) VALUES ('2', '7', '3', '22', '21', '100000.00000', '99800.00', 0.998, '2016-09-26 00:06:28', '147481958404478')

2016-09-26 00:06:28
[update user account] : UPDATE `yzh_user_account` SET `money` = '590415.67', `withdrawal_cash` = '590415.67'
WHERE `uid` = '22'

2016-09-26 00:06:28
[update user account] : UPDATE `yzh_tenderee_account` SET `money` = '590415.67', `withdrawal_cash` = '590415.67'
WHERE `uid` = '22'

2016-09-26 00:06:28
新增债权出让人user_flow表数据:INSERT INTO `yzh_user_flow_2016` (`uid`, `type`, `amount`, `remaining_amount`, `status`, `create_time`, `comment`) VALUES ('22', 9, '99800.00', 590415.67, 5, '2016-09-26 00:06:28', '成功出让债权(原始项目:BC20902120)')

2016-09-26 00:06:28
[update user account] : UPDATE `yzh_user_account` SET `money` = '1288047.45', `withdrawal_cash` = '1288047.45'
WHERE `uid` = '21'

2016-09-26 00:06:28
[update user account] : UPDATE `yzh_tenderee_account` SET `money` = '1288047.45', `withdrawal_cash` = '1288047.45'
WHERE `uid` = '21'

2016-09-26 00:06:28
新增债权购买人user_flow表数据:INSERT INTO `yzh_user_flow_2016` (`uid`, `type`, `amount`, `remaining_amount`, `status`, `create_time`, `comment`) VALUES ('21', 10, '99800.00', 1288047.45, 5, '2016-09-26 00:06:28', '成功购买债权(原始项目:BC20902120)')
