
2016-10-22 09:14:47
[userRegister]:{"Version":"10","CmdId":"UserRegister","MerCustId":"6000060001873824","BgRetUrl":"http:\/\/www.antxd.com\/Hfcenter\/apiBackCreate","RetUrl":"","UsrId":"","UsrName":"","IdType":"","IdNo":"","UsrMp":"15801685854","UsrEmail":"","MerPriv":"2","CharSet":"","ChkValue":"2F98EEF57FCE2F3061A7E6462FA5A5EECD89B8C87DCA42BC5F832C1F215A09B361619FC97C89E0EB097AFE43E8FB203128A60B1B7B98EE051D63DAB3BAEE8F0CADAE87F84196CE812F995BF86567E2B3F0ADFD88ED48B69A94E507B0DA5D2AFB9474FCA478C6AE4BD79BF4572D65CE181CD5355D0B023003AE82C8C8D4C17A75"}
[checkValue]:10UserRegister6000060001873824http://www.antxd.com/Hfcenter/apiBackCreate158016858542
2016-10-22 09:44:50
[netSave]:{"Version":"10","CmdId":"NetSave","MerCustId":"6000060001873824","UsrCustId":"6000060002809750","OrdId":"147710069043972","OrdDate":"20161022","GateBusiId":"QP","OpenBankId":"ABC","DcFlag":"D","TransAmt":"100.00","RetUrl":"","BgRetUrl":"http:\/\/www.antxd.com\/Hfcenter\/apiBackRecharge","MerPriv":"19","ChkValue":"11E4DFA6ABA064275213CD435EDC70EA9BFA9D1ED677536D7CC98FD1FC8F84FFEF184B1CB6FEDCB3D25EC394ECA4D6B9409AA707F5D0BDCD9AF16F70DB3BC4E77AD07CB123B5EEE2DAB5F8C2285CB70368C77FD7189AA9DF5D02224D5658ED1E0EF831E58D1BF7DABAF14BB82B29B37A2B0986A01ED0F1E46D5B13A1AF043989"}
[checkValue]:10NetSave6000060001873824600006000280975014771006904397220161022QPABCD100.00http://www.antxd.com/Hfcenter/apiBackRecharge19
2016-10-22 09:45:15
[netSave]:{"Version":"10","CmdId":"NetSave","MerCustId":"6000060001873824","UsrCustId":"6000060002809750","OrdId":"147710071595173","OrdDate":"20161022","GateBusiId":"QP","OpenBankId":"CIB","DcFlag":"D","TransAmt":"100.00","RetUrl":"","BgRetUrl":"http:\/\/www.antxd.com\/Hfcenter\/apiBackRecharge","MerPriv":"19","ChkValue":"4CA46C32E6934D513CC73E4125CD18302478A6DDD30D1AABC745CFEF7700DB0813EC73AD621D98E25D05321F9C57B546EA7759545291DD272B899BF4CC29C78AB67E8CF6A9FFE3944C7E0B939417CE2779B0115633814006211FD78DD09935A01143CD0DCDB05750AC2593217694AE2020DD4314AC9DFC22F675A8359CEF1A08"}
[checkValue]:10NetSave6000060001873824600006000280975014771007159517320161022QPCIBD100.00http://www.antxd.com/Hfcenter/apiBackRecharge19
2016-10-22 10:03:24
[netSave]:{"Version":"10","CmdId":"NetSave","MerCustId":"6000060001873824","UsrCustId":"6000060002809876","OrdId":"147710180460364","OrdDate":"20161022","GateBusiId":"B2C","OpenBankId":"ICBC","DcFlag":"D","TransAmt":"100.00","RetUrl":"","BgRetUrl":"http:\/\/www.antxd.com\/Hfcenter\/apiBackRecharge","MerPriv":"20","ChkValue":"340EF673420F6938AA560AF159F0417D1F176FDB1261697FE6C1FF80C2E79D19155E52F6CE806E0B1E8FE4F6F8919748F43605A04DE5C24BF7EF3A5BA5CD2CC21038FFB60EA33754F5B049F5C598BFDAE9F29FE94AAA951D751552CDE802A89F23E3D08D431DE7D40731CB5455521F47B27F74D1E5390EDC4705EA5FEFA708EC"}
[checkValue]:10NetSave6000060001873824600006000280987614771018046036420161022B2CICBCD100.00http://www.antxd.com/Hfcenter/apiBackRecharge20
2016-10-22 10:03:42
[netSave]:{"Version":"10","CmdId":"NetSave","MerCustId":"6000060001873824","UsrCustId":"6000060002809876","OrdId":"147710182247215","OrdDate":"20161022","GateBusiId":"B2C","OpenBankId":"ICBC","DcFlag":"D","TransAmt":"100.00","RetUrl":"","BgRetUrl":"http:\/\/www.antxd.com\/Hfcenter\/apiBackRecharge","MerPriv":"20","ChkValue":"90BDDC3F3CAE1D13DC793DD54F5649FE9A7A8928AD0DB6855D4465145EEE54EADEC566E0D5D662588615F4C95CE6A6D89D6F48F86B97F8D82FF971F44B87D2FE4D2FE8BD2FCCD6E30EC1ED839307930790BCDEF5CC05E29AC3E48EE76CCC22F04B239A0E32B8B8A818F9473E6BD2F1DF982CDBE371968846B53C359E19BBE994"}
[checkValue]:10NetSave6000060001873824600006000280987614771018224721520161022B2CICBCD100.00http://www.antxd.com/Hfcenter/apiBackRecharge20
2016-10-22 10:04:00
[netSave]:{"Version":"10","CmdId":"NetSave","MerCustId":"6000060001873824","UsrCustId":"6000060002809876","OrdId":"147710184072748","OrdDate":"20161022","GateBusiId":"B2C","OpenBankId":"ICBC","DcFlag":"D","TransAmt":"100.00","RetUrl":"","BgRetUrl":"http:\/\/www.antxd.com\/Hfcenter\/apiBackRecharge","MerPriv":"20","ChkValue":"11699C55ABC54C18E54C294BB115F9DE8940B8E70962810A9B098FAB599C754580A23EBD927C8B6A6E58EE3FB7DB8420340A690F3301330479C200A4BE20D7D38E436FB71AACC07E9B2CE41A5D5E86654A55B7A8E8FE8D3338DE82F15C3B3BBC2EF127AAF65C9B8B7FF44F510685A4D7AFDCE35C1CD71BC2D9C22765D2669028"}
[checkValue]:10NetSave6000060001873824600006000280987614771018407274820161022B2CICBCD100.00http://www.antxd.com/Hfcenter/apiBackRecharge20
2016-10-22 10:04:30
[netSave]:{"Version":"10","CmdId":"NetSave","MerCustId":"6000060001873824","UsrCustId":"6000060002809876","OrdId":"147710187045574","OrdDate":"20161022","GateBusiId":"B2C","OpenBankId":"CIB","DcFlag":"D","TransAmt":"100.00","RetUrl":"","BgRetUrl":"http:\/\/www.antxd.com\/Hfcenter\/apiBackRecharge","MerPriv":"20","ChkValue":"8BD057298FE6A2EB290AF052215BE5F353F31D4258EB8AD17F32429FC5D3180B285058FA9B33572AF82F1D9ED626110250DF132F1C44F9724454D3F89C78C68BC4EF02392DD28E8C8A681C96CFAC573CDC948313A357DFE6A38A672378D5A46CA267B3D6F86B15D3223418EB359886D16E827D20ED8271339A0B5E959A7D975D"}
[checkValue]:10NetSave6000060001873824600006000280987614771018704557420161022B2CCIBD100.00http://www.antxd.com/Hfcenter/apiBackRecharge20
2016-10-22 10:04:53
[netSave]:{"Version":"10","CmdId":"NetSave","MerCustId":"6000060001873824","UsrCustId":"6000060002809876","OrdId":"147710189328359","OrdDate":"20161022","GateBusiId":"B2C","OpenBankId":"PSBC","DcFlag":"D","TransAmt":"190.00","RetUrl":"","BgRetUrl":"http:\/\/www.antxd.com\/Hfcenter\/apiBackRecharge","MerPriv":"20","ChkValue":"249829F34DD06D6F997A2403F0A8E02A5B6293C30C134D700FE7E1ACB3267488A5299D32E158394B40B05A9C1A1174561E5129B7A98CF5E6B2E73F0D0959DBA3CBFBE3DBA912F583E14145B03AB1B5E9F776B0034BFD5AF8E1CE196BF692713ADB21D17F19DFD5E43FE6BB68227580D3F1D48B5458B254845369F8413F3129A1"}
[checkValue]:10NetSave6000060001873824600006000280987614771018932835920161022B2CPSBCD190.00http://www.antxd.com/Hfcenter/apiBackRecharge20
2016-10-22 10:05:04
[netSave]:{"Version":"10","CmdId":"NetSave","MerCustId":"6000060001873824","UsrCustId":"6000060002809876","OrdId":"147710190427829","OrdDate":"20161022","GateBusiId":"B2C","OpenBankId":"ABC","DcFlag":"D","TransAmt":"100.00","RetUrl":"","BgRetUrl":"http:\/\/www.antxd.com\/Hfcenter\/apiBackRecharge","MerPriv":"20","ChkValue":"048D647D35813ADA435D5EAECDCE71FA4856CB8CB040DD014AFBB95E88468F07940E7496193D312364510FB9FE56316C6D1A4F06D91FE6B2071C17BE6A66E579046BF58E86EFCF1FBFA59BDD9D1F5776C7D6684382912E9ADA00B4F28F1E737F84D0EDFABC0E088ACDB0D2651D27C7951620151553574C40D095F12FFDBFC868"}
[checkValue]:10NetSave6000060001873824600006000280987614771019042782920161022B2CABCD100.00http://www.antxd.com/Hfcenter/apiBackRecharge20
2016-10-22 10:13:02
[netSave]:{"Version":"10","CmdId":"NetSave","MerCustId":"6000060001873824","UsrCustId":"6000060002809876","OrdId":"147710238262028","OrdDate":"20161022","GateBusiId":"B2C","OpenBankId":"ICBC","DcFlag":"D","TransAmt":"100.00","RetUrl":"","BgRetUrl":"http:\/\/www.antxd.com\/Hfcenter\/apiBackRecharge","MerPriv":"20","ChkValue":"094B2A1C5B563E0EAA35089CEBCBD41C561999B032BE127BC4CB90AF559F7F1EDF4F87D0B54835CF124E25574E87B798F446F1C8F279297C8611CD147E421E7CDA8D069C96981737977E3E1805462C2D3ED89A47A5F2F64E00A7AD93BEA9DC34CDEF01023889342FFF09E74C3CF400E963120D4CAF8B94DD1FA3C9A0F9671AAB"}
[checkValue]:10NetSave6000060001873824600006000280987614771023826202820161022B2CICBCD100.00http://www.antxd.com/Hfcenter/apiBackRecharge20
2016-10-22 10:19:28
[netSave]:{"Version":"10","CmdId":"NetSave","MerCustId":"6000060001873824","UsrCustId":"6000060002809876","OrdId":"147710276883354","OrdDate":"20161022","GateBusiId":"B2C","OpenBankId":"CMB","DcFlag":"D","TransAmt":"100.00","RetUrl":"","BgRetUrl":"http:\/\/www.antxd.com\/Hfcenter\/apiBackRecharge","MerPriv":"20","ChkValue":"76634EE1DC2140A58A03117B674E084DF77FFE3C59D82EA7C4A0CFA8D42F1A2CAFB59A2B1DD15AFB373263BE6757196982A82C0EB56F56CD8029E8B2A0E66A293E393A077B8684E1D28E1A60158DE014379524889437B3B814088AE92E5A1135B3A79B3616E0EA8B0FAD8A5ECBBA0D8D6BF617F786C69FCCBA7E18D2691E6098"}
[checkValue]:10NetSave6000060001873824600006000280987614771027688335420161022B2CCMBD100.00http://www.antxd.com/Hfcenter/apiBackRecharge20
2016-10-22 10:32:40
[userBindCard]:{"Version":"10","CmdId":"UserBindCard","MerCustId":"6000060001873824","UsrCustId":"6000060002809876","BgRetUrl":"http:\/\/www.antxd.com\/Hfcenter\/apiBackBid","MerPriv":"20","ChkValue":"BBA5D0A84811722A36F044A8CA695A7D754C9999F6108CAAD5B6057D6D69FEBBDD87C8590F5E52181B1285E89BBF6A32B6179EA2DD998AFBE36B45DF060675AF288B0CD789AC534F109723157B522292A7631C75F2ADC240AC7B1D860F437B22B9061BA9E708FC4BD2F0119E2C1FB46B084255EF6D22D50238B5D7B6D30DF91E"}
[checkValue]:10UserBindCard60000600018738246000060002809876http://www.antxd.com/Hfcenter/apiBackBid20
2016-10-22 11:29:32
[userBindCard]:{"Version":"10","CmdId":"UserBindCard","MerCustId":"6000060001873824","UsrCustId":"6000060002809750","BgRetUrl":"http:\/\/www.antxd.com\/Hfcenter\/apiBackBid","MerPriv":"19","ChkValue":"834E821922931DDBCB0528AA7750880B5C047BF1FEFF81534F1FD6077515E6B3561132564F63A3D7E2224011368D9C25427F0669D4848568951B2E3AC91993F1C2FE6B65F904424EDC5F753E99E448BCDF9ABEED6016D45B9C06E5648FAFC11C9F0D72F096DD29B1916E26F4443F821E2425B34A53D4F495960863B685A91204"}
[checkValue]:10UserBindCard60000600018738246000060002809750http://www.antxd.com/Hfcenter/apiBackBid19
2016-10-22 11:30:01
[userBindCard]:{"Version":"10","CmdId":"UserBindCard","MerCustId":"6000060001873824","UsrCustId":"6000060002809750","BgRetUrl":"http:\/\/www.antxd.com\/Hfcenter\/apiBackBid","MerPriv":"19","ChkValue":"834E821922931DDBCB0528AA7750880B5C047BF1FEFF81534F1FD6077515E6B3561132564F63A3D7E2224011368D9C25427F0669D4848568951B2E3AC91993F1C2FE6B65F904424EDC5F753E99E448BCDF9ABEED6016D45B9C06E5648FAFC11C9F0D72F096DD29B1916E26F4443F821E2425B34A53D4F495960863B685A91204"}
[checkValue]:10UserBindCard60000600018738246000060002809750http://www.antxd.com/Hfcenter/apiBackBid19