
2016-09-02 00:10:25
[objectTypein]:{"Version":"10","CmdId":"AddBidInfo","MerCustId":"6000060001873824","ProId":"20902582","BorrCustId":"6000060002809527","BorrTotAmt":"1000000.00","YearRate":"0.10","RetType":"03","BidStartDate":"20160902001025","BidEndDate":"20160909001025","RetAmt":"1008333.33","RetDate":"20161009","ProArea":"1200","GuarCompId":"","GuarAmt":"","BgRetUrl":"http:\/\/admin.antxd.com\/Project\/apiBackAddBidInfo","MerPriv":"","ReqExt":"","ChkValue":"807A95EBB04074CB744C0C25ACD2AD57C91FABDC920039B2C621B91A59754F652E8E90A9029FA1C185CE246BE1541240F7E3E0AB7C6101A2DB270C8BB5F8441F61DFDB4A4CDC0D77469A32FBF0A64DF592663685DCB16E3A4627E8F25E15CC5A3C14768A8414A602FCB678B0E111F058B3424967B9CC01088CBDDCB0388981B0"}
[checkValue]:10AddBidInfo60000600018738242090258260000600028095271000000.000.100320160902001025201609090010251008333.33201610091200http://admin.antxd.com/Project/apiBackAddBidInfo
2016-09-02 00:15:44
[objectTypein]:{"Version":"10","CmdId":"AddBidInfo","MerCustId":"6000060001873824","ProId":"20902553","BorrCustId":"6000060002851105","BorrTotAmt":"2000000.00","YearRate":"0.15","RetType":"03","BidStartDate":"20160902001544","BidEndDate":"20160909001544","RetAmt":"2025000.00","RetDate":"20161009","ProArea":"1200","GuarCompId":"","GuarAmt":"","BgRetUrl":"http:\/\/admin.antxd.com\/Project\/apiBackAddBidInfo","MerPriv":"","ReqExt":"","ChkValue":"78AF8288F74D973233A5A3A92AD0160E48038740402694893B92912AD0505C3733468083D34FAF202AFEBBE5E86A070B09DFB27CBB723C52BD1BAAA7932AC90ED60D9A3C6FE5DE201869337D2F4125D2AF8E1253BBC21CEDA8826A9E597EB43B42A22A2FAD1AE9F59BFD9C3E8CFBAE0C032D771BE8EA039B2E4BBB4898C4EF19"}
[checkValue]:10AddBidInfo60000600018738242090255360000600028511052000000.000.150320160902001544201609090015442025000.00201610091200http://admin.antxd.com/Project/apiBackAddBidInfo
2016-09-02 00:29:38
[objectTypein]:{"Version":"10","CmdId":"AddBidInfo","MerCustId":"6000060001873824","ProId":"20902218","BorrCustId":"6000060002809527","BorrTotAmt":"100000.00","YearRate":"0.10","RetType":"03","BidStartDate":"20160902002938","BidEndDate":"20160909002938","RetAmt":"100833.33","RetDate":"20161009","ProArea":"1200","GuarCompId":"","GuarAmt":"","BgRetUrl":"http:\/\/admin.antxd.com\/Project\/apiBackAddBidInfo","MerPriv":"","ReqExt":"","ChkValue":"AB43EDB2BBF04DFDAE5E2DD6206332B630AB1BAD6ACFCDBAE1858E4F371A0B444F2862C820D556A62858AA45759B67360F40AFFD6C74A756341356AC847E06978A7FE11E9AB6797222BAFE985E51F0A2EC92FAB7F355867E4C1AF7412B835B2309C03C9E2F017B50876E344997B73ABD38CC5BBE16407DF927BE92C469E51457"}
[checkValue]:10AddBidInfo6000060001873824209022186000060002809527100000.000.10032016090200293820160909002938100833.33201610091200http://admin.antxd.com/Project/apiBackAddBidInfo
2016-09-02 00:32:36
[objectTypein]:{"Version":"10","CmdId":"AddBidInfo","MerCustId":"6000060001873824","ProId":"20902120","BorrCustId":"6000060002851105","BorrTotAmt":"300000.00","YearRate":"0.15","RetType":"03","BidStartDate":"20160902003236","BidEndDate":"20160909003236","RetAmt":"303750.00","RetDate":"20161009","ProArea":"1200","GuarCompId":"","GuarAmt":"","BgRetUrl":"http:\/\/admin.antxd.com\/Project\/apiBackAddBidInfo","MerPriv":"","ReqExt":"","ChkValue":"D3A96FBAF14A302E3D49B5B28CB029C165616003CA506C0A330ABE89F304828FADD7200FA6C01AEE769D4C691BB3959F287ECA9E88DDA34A03ADB82C9C0A8186805EDF4D63A18510CE24620838A9B30DD7BF45BD4E851E4C96112BDE4C2FF31862ADE4AA067D647FA5FC5B1AC98B38097EE84C998B9092BAFE6DBDA059DDFF45"}
[checkValue]:10AddBidInfo6000060001873824209021206000060002851105300000.000.15032016090200323620160909003236303750.00201610091200http://admin.antxd.com/Project/apiBackAddBidInfo
2016-09-02 00:33:40
[initiativeTender]:{"Version":"20","CmdId":"InitiativeTender","MerCustId":"6000060001873824","OrdId":"147274762099098","OrdDate":"20160902","TransAmt":"50000.00","UsrCustId":"6000060002809750","MaxTenderRate":"0.00","BorrowerDetails":"[{\"BorrowerCustId\":\"6000060002809527\",\"BorrowerAmt\":\"50000.00\",\"BorrowerRate\":\"1.00\"}]","IsFreeze":"Y","FreezeOrdId":"14727476205149","RetUrl":"","BgRetUrl":"http:\/\/www.antxd.com\/Hfcenter\/apiBackDoInvestment","MerPriv":"19","ReqExt":"","ChkValue":"BB1EC6DC93416886D948A4521B0A8E1973E5A0FB350ED4A85BF376633DBEDC787CAB1EB8019BEAD1A614192FFA670B55EBD6F8E551CF2195BDCE4A30A3B2806B12C100F36D1A0688938513AE7D3089886649C25585CD6B87A13705F8D51B466D3380E31D51B80FF5636D8ECB150A073BDF1B4B714D83C70CFDC280312337C4CD"}
[checkValue]:20InitiativeTender60000600018738241472747620990982016090250000.0060000600028097500.00[{"BorrowerCustId":"6000060002809527","BorrowerAmt":"50000.00","BorrowerRate":"1.00"}]Y14727476205149http://www.antxd.com/Hfcenter/apiBackDoInvestment19
2016-09-02 00:33:46
[apiBackDoInvestment]:{"BgRetUrl":"http:\/\/www.antxd.com\/Hfcenter\/apiBackDoInvestment","ChkValue":"37FDBA2DE863C6D3FDB05F94E10EDE031BBB033FA963B62A7A612DA2545D0AD2E9E99CBF022B254764C9B9F42D48D2B632F5965F9AFE267DB1B1C73D6B52C97D26C3438382C7D72BDF1B38AEAB10DA60229ECC51279EDA26F37E5518FAFDF2F920ED0F12EE1F95B9A087BB17C37787F5F169232BA6353FFD120A22946B2F3F47","CmdId":"InitiativeTender","FreezeOrdId":"14727476205149","FreezeTrxId":"201603040005055857","IsFreeze":"Y","MerCustId":"6000060001873824","MerPriv":"19","OrdDate":"20160902","OrdId":"147274762099098","RespCode":"000","RespDesc":"\u6210\u529f","RespExt":"","RetUrl":"","TransAmt":"50000.00","TrxId":"201603040001827074","UsrCustId":"6000060002809750"}

2016-09-02 00:33:46
[update user account] : UPDATE `yzh_user_account` SET `money` = '1208925.53', `withdrawal_cash` = '1158925.53'
WHERE `uid` = '19'

2016-09-02 00:33:46
[update user account] : UPDATE `yzh_tenderee_account` SET `money` = '1208925.53', `withdrawal_cash` = '1158925.53'
WHERE `uid` = '19'

2016-09-02 00:34:43
[initiativeTender]:{"Version":"20","CmdId":"InitiativeTender","MerCustId":"6000060001873824","OrdId":"147274768363675","OrdDate":"20160902","TransAmt":"20000.00","UsrCustId":"6000060002809876","MaxTenderRate":"0.00","BorrowerDetails":"[{\"BorrowerCustId\":\"6000060002809527\",\"BorrowerAmt\":\"20000.00\",\"BorrowerRate\":\"1.00\"}]","IsFreeze":"Y","FreezeOrdId":"14727476837979","RetUrl":"","BgRetUrl":"http:\/\/www.antxd.com\/Hfcenter\/apiBackDoInvestment","MerPriv":"20","ReqExt":"","ChkValue":"C8FF848FC40BEAA76B4D8D5A1157A95472F9F8D21DADDE859066C8134170C67656B393D712A379235AD1754C54A038A17B3492707E9E4D108626A3C079D259A04906AD6DBDC0ADF33270239C549035FBBA23BF4E31CE33971D5A16975231A54CDF8C562BA63663BADF039232A0A2C373745C2D0DBBB37CE8D817F8C7ACC20794"}
[checkValue]:20InitiativeTender60000600018738241472747683636752016090220000.0060000600028098760.00[{"BorrowerCustId":"6000060002809527","BorrowerAmt":"20000.00","BorrowerRate":"1.00"}]Y14727476837979http://www.antxd.com/Hfcenter/apiBackDoInvestment20
2016-09-02 00:34:47
[apiBackDoInvestment]:{"BgRetUrl":"http:\/\/www.antxd.com\/Hfcenter\/apiBackDoInvestment","ChkValue":"9E97B31C5DFAA293F2848CF9812A34C240884E6A2005A11AE47BE945C64A560DFCE80365D3A2414A287C58DF880251527A3D2769724DFE7FD5DE57F503D92C03B526AF09915576873E02033F420611D48CF5E31AFAAEF221D693065C8BE4BB91ACE20695E75CF2680E8E736248EACD86E5B1C3ECC43B89441A1C27D696624CDE","CmdId":"InitiativeTender","FreezeOrdId":"14727476837979","FreezeTrxId":"201603040005055859","IsFreeze":"Y","MerCustId":"6000060001873824","MerPriv":"20","OrdDate":"20160902","OrdId":"147274768363675","RespCode":"000","RespDesc":"\u6210\u529f","RespExt":"","RetUrl":"","TransAmt":"20000.00","TrxId":"201603040001827076","UsrCustId":"6000060002809876"}

2016-09-02 00:34:47
[update user account] : UPDATE `yzh_user_account` SET `money` = '1985864.72', `withdrawal_cash` = '1965864.72'
WHERE `uid` = '20'

2016-09-02 00:34:47
[update user account] : UPDATE `yzh_tenderee_account` SET `money` = '1985864.72', `withdrawal_cash` = '1965864.72'
WHERE `uid` = '20'

2016-09-02 00:35:45
[initiativeTender]:{"Version":"20","CmdId":"InitiativeTender","MerCustId":"6000060001873824","OrdId":"147274774566660","OrdDate":"20160902","TransAmt":"30000.00","UsrCustId":"6000060002810230","MaxTenderRate":"0.00","BorrowerDetails":"[{\"BorrowerCustId\":\"6000060002809527\",\"BorrowerAmt\":\"30000.00\",\"BorrowerRate\":\"1.00\"}]","IsFreeze":"Y","FreezeOrdId":"14727477452981","RetUrl":"","BgRetUrl":"http:\/\/www.antxd.com\/Hfcenter\/apiBackDoInvestment","MerPriv":"21","ReqExt":"","ChkValue":"7CE35183E5AD748DA71935597A065855B0DED34801CE1BB45790A3321C93FE7B6ECCF65B1CB7ADCD8064132E67B91787D6B937888F9441E1B03E932265B1629A6EC6C8778A290AD95840DEDC7DB842E1B3BD4D32B824ED3A75B9A3F76D9D87B11364B7AD0C26B7DF9B6DEBBDF692EBEA506266721BDA1E9B0D0EFB58772EE911"}
[checkValue]:20InitiativeTender60000600018738241472747745666602016090230000.0060000600028102300.00[{"BorrowerCustId":"6000060002809527","BorrowerAmt":"30000.00","BorrowerRate":"1.00"}]Y14727477452981http://www.antxd.com/Hfcenter/apiBackDoInvestment21
2016-09-02 00:35:49
[apiBackDoInvestment]:{"BgRetUrl":"http:\/\/www.antxd.com\/Hfcenter\/apiBackDoInvestment","ChkValue":"6C54B9620AB2CC05ADA6F0BD53D846759FC22E9A246F06953151521BE48E1CC0D439D17746955DDE02D1E46A276F536558DD9F950CE534B4EC9C09B62CCC028F09CEFB209BC9F637DE01CEFB75AF90E14E3C4DC275CE73C01AFA24136215C0BEFF5EFF782F1EE6F1D4D634219A4DEFCC21B6F0C1D3C1CF0C30C50B80D72E5A04","CmdId":"InitiativeTender","FreezeOrdId":"14727477452981","FreezeTrxId":"201603040005055862","IsFreeze":"Y","MerCustId":"6000060001873824","MerPriv":"21","OrdDate":"20160902","OrdId":"147274774566660","RespCode":"000","RespDesc":"\u6210\u529f","RespExt":"","RetUrl":"","TransAmt":"30000.00","TrxId":"201603040001827078","UsrCustId":"6000060002810230"}

2016-09-02 00:35:49
[update user account] : UPDATE `yzh_user_account` SET `money` = '1616627.45', `withdrawal_cash` = '1586627.45'
WHERE `uid` = '21'

2016-09-02 00:35:49
[update user account] : UPDATE `yzh_tenderee_account` SET `money` = '1616627.45', `withdrawal_cash` = '1586627.45'
WHERE `uid` = '21'

2016-09-02 00:35:50
[loans]:{"Version":"20","CmdId":"Loans","MerCustId":"6000060001873824","OrdId":"147274775088649","OrdDate":"20160902","OutCustId":"6000060002809750","TransAmt":"50000.00","Fee":"0.00","SubOrdId":"147274762099098","SubOrdDate":"20160902","InCustId":"6000060002809527","DivDetails":"","FeeObjFlag":"","IsDefault":"N","IsUnFreeze":"Y","UnFreezeOrdId":"14727477506564","FreezeTrxId":"201603040005055857","BgRetUrl":"http:\/\/www.antxd.com\/Hfcenter\/apiBackLoans","MerPriv":"1","ReqExt":"","ChkValue":"A14235D6E0478CAFBFDA0ED9F3FB4C5D08F621F015370770238FFA7B4A7E0FD67812C8A5249D5A7B4B0E55B3D9F74C413DC23950682F6E091DA552399B8E61C9691FFA5143BEE26AC3635F4EAC65381007716CDC7C58E9240976B81F3F65671671E12E24028427C43969DD5428ACE9D00368845F993C0A2259FD006788683C2E"}

[checkValue]:20Loans600006000187382414727477508864920160902600006000280975050000.000.00147274762099098201609026000060002809527NY14727477506564201603040005055857http://www.antxd.com/Hfcenter/apiBackLoans1

2016-09-02 00:35:50
[loans]:{"Version":"20","CmdId":"Loans","MerCustId":"6000060001873824","OrdId":"147274775043833","OrdDate":"20160902","OutCustId":"6000060002809876","TransAmt":"20000.00","Fee":"0.00","SubOrdId":"147274768363675","SubOrdDate":"20160902","InCustId":"6000060002809527","DivDetails":"","FeeObjFlag":"","IsDefault":"N","IsUnFreeze":"Y","UnFreezeOrdId":"14727477506393","FreezeTrxId":"201603040005055859","BgRetUrl":"http:\/\/www.antxd.com\/Hfcenter\/apiBackLoans","MerPriv":"2","ReqExt":"","ChkValue":"076C332D7724DA2B76FD8FC8F43E791F072CD63CB6AB40DDF74E3A3A1BFE32F25B34394AD48BB5C4C376CE1F3CBBC0564F18C325BED74E96BF6032E8E799AA262250105A1DBBE4E1A0E63EF251728FAC95BA0E8B6E94B29A7C0C14A182173799446E4BAA839037E35C244C9B5F18D700E8AAA14D72A2CF8D7B45F9A50B6531F9"}

[checkValue]:20Loans600006000187382414727477504383320160902600006000280987620000.000.00147274768363675201609026000060002809527NY14727477506393201603040005055859http://www.antxd.com/Hfcenter/apiBackLoans2

2016-09-02 00:35:50
[apiBackLoans]:{"BgRetUrl":"http:\/\/www.antxd.com\/Hfcenter\/apiBackLoans","ChkValue":"D1712916E21751FBFCE093C923DA11E85BB65B043D25F80374FE760CF0E1FE563F213C90356133AE433789FFCBC909031D03B6FC3392BF2835E9C102A2D251BAB20B01A85BD7BA7C76AFD3435BD3FB2BDBC7EE46D9653A761E5280ECAD5C205E0295F05EC12D0A9069432791140D4A064E1B2FF6E5CB9E099B6BD5A269A2A51F","CmdId":"Loans","Fee":"0.00","FeeObjFlag":"","FreezeTrxId":"201603040005055857","InAcctId":"MDT000001","InCustId":"6000060002809527","IsDefault":"N","IsUnFreeze":"Y","MerCustId":"6000060001873824","MerPriv":"1","OrdDate":"20160902","OrdId":"147274775088649","OutAcctId":"MDT000001","OutCustId":"6000060002809750","RespCode":"000","RespDesc":"\u6210\u529f","RespExt":"","SubOrdDate":"20160902","SubOrdId":"147274762099098","TransAmt":"50000.00","UnFreezeOrdId":"14727477506564"}

2016-09-02 00:35:50
[update user account] : UPDATE `yzh_user_account` SET `money` = '149080.02', `withdrawal_cash` = '149080.02'
WHERE `uid` = '16'

2016-09-02 00:35:50
[update user account] : UPDATE `yzh_tenderee_account` SET `money` = '149080.02', `withdrawal_cash` = '149080.02'
WHERE `uid` = '16'

2016-09-02 00:35:51
[loans]:{"Version":"20","CmdId":"Loans","MerCustId":"6000060001873824","OrdId":"147274775196445","OrdDate":"20160902","OutCustId":"6000060002810230","TransAmt":"30000.00","Fee":"0.00","SubOrdId":"147274774566660","SubOrdDate":"20160902","InCustId":"6000060002809527","DivDetails":"","FeeObjFlag":"","IsDefault":"N","IsUnFreeze":"Y","UnFreezeOrdId":"14727477517793","FreezeTrxId":"201603040005055862","BgRetUrl":"http:\/\/www.antxd.com\/Hfcenter\/apiBackLoans","MerPriv":"3","ReqExt":"","ChkValue":"221AE6ADA140B62DF52C69E5F99B3D9DCDF4913A9113405ADF5A4E6D08718BCC3AFB5C1FE1478D9E2BC7B8D29846F8D67F0CCF7B35CF2AA45B170977E3EF08290D22E24C036066F0F51A751A0CE37F09944CA2DF7D883DDF5DB894A41404FE60CB16DD8A2621BF28B0E0E52A8258FA4653C7D220E48D2CE9B23F2F880C98AA11"}

[checkValue]:20Loans600006000187382414727477519644520160902600006000281023030000.000.00147274774566660201609026000060002809527NY14727477517793201603040005055862http://www.antxd.com/Hfcenter/apiBackLoans3

2016-09-02 00:35:51
[update user account] : UPDATE `yzh_user_account` SET `money` = '1158925.53', `withdrawal_cash` = '1158925.53'
WHERE `uid` = '19'

2016-09-02 00:35:51
[update user account] : UPDATE `yzh_tenderee_account` SET `money` = '1158925.53', `withdrawal_cash` = '1158925.53'
WHERE `uid` = '19'

2016-09-02 00:35:51
[apiBackLoans]:{"BgRetUrl":"http:\/\/www.antxd.com\/Hfcenter\/apiBackLoans","ChkValue":"BCF6050FF7575257C51CF46145D667F47B638BED31957BA29B99A61FB687A036C7558CA4D00B2DE98CA56C455179E309180C0EE14295C0B8CCEB5BAFB4F783766A6571AF2C29A6CFAE1FFDC1745A76FBA935EB23CC2EF70996959B05FF3718711856BCFA9D961180D009C670BFA25A0B30B33272FB71CACA37C6483CCCCEC013","CmdId":"Loans","Fee":"0.00","FeeObjFlag":"","FreezeTrxId":"201603040005055859","InAcctId":"MDT000001","InCustId":"6000060002809527","IsDefault":"N","IsUnFreeze":"Y","MerCustId":"6000060001873824","MerPriv":"2","OrdDate":"20160902","OrdId":"147274775043833","OutAcctId":"MDT000001","OutCustId":"6000060002809876","RespCode":"000","RespDesc":"\u6210\u529f","RespExt":"","SubOrdDate":"20160902","SubOrdId":"147274768363675","TransAmt":"20000.00","UnFreezeOrdId":"14727477506393"}

2016-09-02 00:35:51
[update user account] : UPDATE `yzh_user_account` SET `money` = '199080.02', `withdrawal_cash` = '199080.02'
WHERE `uid` = '16'

2016-09-02 00:35:51
[update user account] : UPDATE `yzh_tenderee_account` SET `money` = '199080.02', `withdrawal_cash` = '199080.02'
WHERE `uid` = '16'

2016-09-02 00:35:51
[apiBackLoans]:{"BgRetUrl":"http:\/\/www.antxd.com\/Hfcenter\/apiBackLoans","ChkValue":"102907E8315B86FB36285323F98A9DB879B87C1A6551EE1D44D0EC340D985EE77C883D12949D5E7BDA053AB2FAE7F77699DE29493D1328F9672E475CB3CC045BA85B5EF7A006025DD2037BB08C0F1D1CF7219223C41F31EC51DD9A47CA8E9FA60C62784E201375B145B9C7B512EF1655F2C437CFF3060C0CFB467D506A955EAB","CmdId":"Loans","Fee":"0.00","FeeObjFlag":"","FreezeTrxId":"201603040005055862","InAcctId":"MDT000001","InCustId":"6000060002809527","IsDefault":"N","IsUnFreeze":"Y","MerCustId":"6000060001873824","MerPriv":"3","OrdDate":"20160902","OrdId":"147274775196445","OutAcctId":"MDT000001","OutCustId":"6000060002810230","RespCode":"000","RespDesc":"\u6210\u529f","RespExt":"","SubOrdDate":"20160902","SubOrdId":"147274774566660","TransAmt":"30000.00","UnFreezeOrdId":"14727477517793"}

2016-09-02 00:35:51
[update user account] : UPDATE `yzh_user_account` SET `money` = '1965864.72', `withdrawal_cash` = '1965864.72'
WHERE `uid` = '20'

2016-09-02 00:35:51
[update user account] : UPDATE `yzh_tenderee_account` SET `money` = '1965864.72', `withdrawal_cash` = '1965864.72'
WHERE `uid` = '20'

2016-09-02 00:35:51
[update user account] : UPDATE `yzh_user_account` SET `money` = '199080.02', `withdrawal_cash` = '199080.02'
WHERE `uid` = '16'

2016-09-02 00:35:51
[update user account] : UPDATE `yzh_tenderee_account` SET `money` = '199080.02', `withdrawal_cash` = '199080.02'
WHERE `uid` = '16'

2016-09-02 00:35:52
[update user account] : UPDATE `yzh_user_account` SET `money` = '1586627.45', `withdrawal_cash` = '1586627.45'
WHERE `uid` = '21'

2016-09-02 00:35:52
[update user account] : UPDATE `yzh_tenderee_account` SET `money` = '1586627.45', `withdrawal_cash` = '1586627.45'
WHERE `uid` = '21'

2016-09-02 00:36:59
[initiativeTender]:{"Version":"20","CmdId":"InitiativeTender","MerCustId":"6000060001873824","OrdId":"147274781984819","OrdDate":"20160902","TransAmt":"100000.00","UsrCustId":"6000060002809750","MaxTenderRate":"0.00","BorrowerDetails":"[{\"BorrowerCustId\":\"6000060002851105\",\"BorrowerAmt\":\"100000.00\",\"BorrowerRate\":\"1.00\"}]","IsFreeze":"Y","FreezeOrdId":"14727478193841","RetUrl":"","BgRetUrl":"http:\/\/www.antxd.com\/Hfcenter\/apiBackDoInvestment","MerPriv":"19","ReqExt":"","ChkValue":"5F65FFBAD66CDEADCA02EDFE21024EA7A015943EAA031D435D3181F69443B02D497A04F0E6ACD9E597C41A5D3835454D087F9B6CF8EC269FF117846AA1409727948505532F7A12339D227F0E9076EA0FDC842C2E56357255FF52CB6D84077D30251A57F92B18BCD93A70139206BDAB3AC0E1ADDCB66907C9F543EB78A99FD4BF"}
[checkValue]:20InitiativeTender600006000187382414727478198481920160902100000.0060000600028097500.00[{"BorrowerCustId":"6000060002851105","BorrowerAmt":"100000.00","BorrowerRate":"1.00"}]Y14727478193841http://www.antxd.com/Hfcenter/apiBackDoInvestment19
2016-09-02 00:37:16
[initiativeTender]:{"Version":"20","CmdId":"InitiativeTender","MerCustId":"6000060001873824","OrdId":"147274783602055","OrdDate":"20160902","TransAmt":"100000.00","UsrCustId":"6000060002809750","MaxTenderRate":"0.00","BorrowerDetails":"[{\"BorrowerCustId\":\"6000060002851105\",\"BorrowerAmt\":\"100000.00\",\"BorrowerRate\":\"1.00\"}]","IsFreeze":"Y","FreezeOrdId":"14727478367726","RetUrl":"","BgRetUrl":"http:\/\/www.antxd.com\/Hfcenter\/apiBackDoInvestment","MerPriv":"19","ReqExt":"","ChkValue":"49132AD90E9BFAAC458EEFFBA587602157BF777DDF65048367538FFDFB53901F307B98181E8C438F0E9256ACBC12A8E3DE7384151B30BB5C754866BC8DB1437C2C04C442796526DCB7E1959389811EAA0B7C9F21F4DDBF4BD4316D824C9C98ABF52B4DCAC68FB0DB130D54320F934297DC0726FCBDEAB8F575CFFBEE10FB3CC4"}
[checkValue]:20InitiativeTender600006000187382414727478360205520160902100000.0060000600028097500.00[{"BorrowerCustId":"6000060002851105","BorrowerAmt":"100000.00","BorrowerRate":"1.00"}]Y14727478367726http://www.antxd.com/Hfcenter/apiBackDoInvestment19
2016-09-02 00:40:47
[initiativeTender]:{"Version":"20","CmdId":"InitiativeTender","MerCustId":"6000060001873824","OrdId":"147274804711986","OrdDate":"20160902","TransAmt":"100000.00","UsrCustId":"6000060002809750","MaxTenderRate":"0.00","BorrowerDetails":"[{\"BorrowerCustId\":\"6000060002851105\",\"BorrowerAmt\":\"100000.00\",\"BorrowerRate\":\"1.00\"}]","IsFreeze":"Y","FreezeOrdId":"14727480473442","RetUrl":"","BgRetUrl":"http:\/\/www.antxd.com\/Hfcenter\/apiBackDoInvestment","MerPriv":"19","ReqExt":"","ChkValue":"21F062811FDED58C322B461F5E9D3D9D184F82B140E1F70E1D02AD0AB86EA8CF3B73DEB9D19AB3287FE7D6204FA9C172279AC868A3DA515B2240CD322FA1CE1C44FAB6907948D039854278D76C6E101C03FBB5BE7A9E6A58D1D869F1C73B31E48E8D4087E1256DDA96B39F9B406FA2C6C10A4BFD3CAA1731510DE150A018BE88"}
[checkValue]:20InitiativeTender600006000187382414727480471198620160902100000.0060000600028097500.00[{"BorrowerCustId":"6000060002851105","BorrowerAmt":"100000.00","BorrowerRate":"1.00"}]Y14727480473442http://www.antxd.com/Hfcenter/apiBackDoInvestment19
2016-09-02 00:40:54
[apiBackDoInvestment]:{"BgRetUrl":"http:\/\/www.antxd.com\/Hfcenter\/apiBackDoInvestment","ChkValue":"C42E1AF58717FE783BCCA70B80F4BE19E1AFAD8FDD48E19CF5639AC40BCB6DF4ECBE76D76B3FCD603851BBFA863A780A9839A2DE6568375C2589F267F58A56BCCB87797FA87EC1F90F30CB960EC6FEEF2EFD00640338374F38333F136B940C73079C153D5BE419B168D0DC7DB63E86B41E734AE98962E602BD24638F9A230BA3","CmdId":"InitiativeTender","FreezeOrdId":"14727480473442","FreezeTrxId":"201603040005055871","IsFreeze":"Y","MerCustId":"6000060001873824","MerPriv":"19","OrdDate":"20160902","OrdId":"147274804711986","RespCode":"000","RespDesc":"\u6210\u529f","RespExt":"","RetUrl":"","TransAmt":"100000.00","TrxId":"201603040001827081","UsrCustId":"6000060002809750"}

2016-09-02 00:40:54
[update user account] : UPDATE `yzh_user_account` SET `money` = '1158925.53', `withdrawal_cash` = '1058925.53'
WHERE `uid` = '19'

2016-09-02 00:40:54
[update user account] : UPDATE `yzh_tenderee_account` SET `money` = '1158925.53', `withdrawal_cash` = '1058925.53'
WHERE `uid` = '19'

2016-09-02 00:42:21
[initiativeTender]:{"Version":"20","CmdId":"InitiativeTender","MerCustId":"6000060001873824","OrdId":"147274814196063","OrdDate":"20160902","TransAmt":"100000.00","UsrCustId":"6000060002810249","MaxTenderRate":"0.00","BorrowerDetails":"[{\"BorrowerCustId\":\"6000060002851105\",\"BorrowerAmt\":\"100000.00\",\"BorrowerRate\":\"1.00\"}]","IsFreeze":"Y","FreezeOrdId":"14727481412512","RetUrl":"","BgRetUrl":"http:\/\/www.antxd.com\/Hfcenter\/apiBackDoInvestment","MerPriv":"22","ReqExt":"","ChkValue":"A29AB1587C159D69F7392F90F971BA23DC714765B2343F34025795533400A18A36883498930F886D4A850A880DEA6EF8E01101639D39EBDE9D972446995725023947252E5D5E83E5E09C27DB368BA93ECB58E3E826FD87BD369B89EBAB52F6D4321C1E691A01DC166DD93D93E4BAE4AC9D33AEEA81FB086C50AA965B13FB444F"}
[checkValue]:20InitiativeTender600006000187382414727481419606320160902100000.0060000600028102490.00[{"BorrowerCustId":"6000060002851105","BorrowerAmt":"100000.00","BorrowerRate":"1.00"}]Y14727481412512http://www.antxd.com/Hfcenter/apiBackDoInvestment22
2016-09-02 00:42:25
[apiBackDoInvestment]:{"BgRetUrl":"http:\/\/www.antxd.com\/Hfcenter\/apiBackDoInvestment","ChkValue":"0148B74DC65054E873D384CB5CCD4FBCE644CD3883D15F173A02904FB08F52FB02B7130EAE6744E411EF2740BEF141DDD4DDE015D5F860D8394AF94DCB54F22C2159B0D6F93507482F9982FB99B0822FC89ABA1CE0E8AE849946AB9FFEF707905299A5EA190865DA1FF06214594880A591254E2694E18EFC24B2140117AC0BA9","CmdId":"InitiativeTender","FreezeOrdId":"14727481412512","FreezeTrxId":"201603040005055873","IsFreeze":"Y","MerCustId":"6000060001873824","MerPriv":"22","OrdDate":"20160902","OrdId":"147274814196063","RespCode":"000","RespDesc":"\u6210\u529f","RespExt":"","RetUrl":"","TransAmt":"100000.00","TrxId":"201603040001827082","UsrCustId":"6000060002810249"}

2016-09-02 00:42:25
[update user account] : UPDATE `yzh_user_account` SET `money` = '590000.00', `withdrawal_cash` = '490000.00'
WHERE `uid` = '22'

2016-09-02 00:42:25
[update user account] : UPDATE `yzh_tenderee_account` SET `money` = '590000.00', `withdrawal_cash` = '490000.00'
WHERE `uid` = '22'

2016-09-02 00:42:39
[initiativeTender]:{"Version":"20","CmdId":"InitiativeTender","MerCustId":"6000060001873824","OrdId":"147274815962668","OrdDate":"20160902","TransAmt":"100000.00","UsrCustId":"6000060002810230","MaxTenderRate":"0.00","BorrowerDetails":"[{\"BorrowerCustId\":\"6000060002851105\",\"BorrowerAmt\":\"100000.00\",\"BorrowerRate\":\"1.00\"}]","IsFreeze":"Y","FreezeOrdId":"14727481594799","RetUrl":"","BgRetUrl":"http:\/\/www.antxd.com\/Hfcenter\/apiBackDoInvestment","MerPriv":"21","ReqExt":"","ChkValue":"662B7F0717C3F7EBE20911284B4EF59C76143B341B16377B8C866D0EBF214A4D5F26814F12B99F783EB117F93C58E0A6194FFC45D7E4C8A9F496198B39550E01EDE9C486AE94C4EEF9010CF3F3FB594C5DCC57C5AA7BF785807150E6C9C0813B4DFF8CE8E8B1C1B957F301079E34524D58EBF0027F10E31A9FDD42881CECB373"}
[checkValue]:20InitiativeTender600006000187382414727481596266820160902100000.0060000600028102300.00[{"BorrowerCustId":"6000060002851105","BorrowerAmt":"100000.00","BorrowerRate":"1.00"}]Y14727481594799http://www.antxd.com/Hfcenter/apiBackDoInvestment21
2016-09-02 00:42:43
[apiBackDoInvestment]:{"BgRetUrl":"http:\/\/www.antxd.com\/Hfcenter\/apiBackDoInvestment","ChkValue":"EF7E527D75D49661CF0CBE35FEF4ED16D78EB11FCF8FF4C1672F60EA684C720E1B00307AB5283CA8FAD360AABB858272B9DF30420F3133305032C5B6484339D97B2BD6131F47A097DBD6DEABE2372AD0811284ACE465D1DACD0C3866FDA708D980655E479FA704A55C6753F48F9B4DD757A27B2E207CDECA25EA0D0A6642FA47","CmdId":"InitiativeTender","FreezeOrdId":"14727481594799","FreezeTrxId":"201603040005055874","IsFreeze":"Y","MerCustId":"6000060001873824","MerPriv":"21","OrdDate":"20160902","OrdId":"147274815962668","RespCode":"000","RespDesc":"\u6210\u529f","RespExt":"","RetUrl":"","TransAmt":"100000.00","TrxId":"201603040001827083","UsrCustId":"6000060002810230"}

2016-09-02 00:42:44
[update user account] : UPDATE `yzh_user_account` SET `money` = '1586627.45', `withdrawal_cash` = '1486627.45'
WHERE `uid` = '21'

2016-09-02 00:42:44
[update user account] : UPDATE `yzh_tenderee_account` SET `money` = '1586627.45', `withdrawal_cash` = '1486627.45'
WHERE `uid` = '21'

2016-09-02 00:42:44
[loans]:{"Version":"20","CmdId":"Loans","MerCustId":"6000060001873824","OrdId":"147274816461875","OrdDate":"20160902","OutCustId":"6000060002809750","TransAmt":"100000.00","Fee":"0.00","SubOrdId":"147274804711986","SubOrdDate":"20160902","InCustId":"6000060002851105","DivDetails":"","FeeObjFlag":"","IsDefault":"N","IsUnFreeze":"Y","UnFreezeOrdId":"14727481648853","FreezeTrxId":"201603040005055871","BgRetUrl":"http:\/\/www.antxd.com\/Hfcenter\/apiBackLoans","MerPriv":"6","ReqExt":"","ChkValue":"52863BFF7FB639A395FE6BDA2BF7C9E4383D09B9261B8525BE9DF5D30923AC7DAC873F98D31480C0B204C66BE9A18DE135315A5F2FDFB85F7DBBA05BACB349F183560B4EDC4E41F84460C9C794D5EAD5DDCF95BA6C155FE36062D7D04D0AD797147D394EA4364213340DBDE84F4D8222F802E91D22BDA009F2E274DE19B17F68"}

[checkValue]:20Loans6000060001873824147274816461875201609026000060002809750100000.000.00147274804711986201609026000060002851105NY14727481648853201603040005055871http://www.antxd.com/Hfcenter/apiBackLoans6

2016-09-02 00:42:45
[loans]:{"Version":"20","CmdId":"Loans","MerCustId":"6000060001873824","OrdId":"147274816537596","OrdDate":"20160902","OutCustId":"6000060002810249","TransAmt":"100000.00","Fee":"0.00","SubOrdId":"147274814196063","SubOrdDate":"20160902","InCustId":"6000060002851105","DivDetails":"","FeeObjFlag":"","IsDefault":"N","IsUnFreeze":"Y","UnFreezeOrdId":"14727481659269","FreezeTrxId":"201603040005055873","BgRetUrl":"http:\/\/www.antxd.com\/Hfcenter\/apiBackLoans","MerPriv":"7","ReqExt":"","ChkValue":"0066E9AEA4218A7C081EDE720D557BE7FA28E9A82CDBBAD8CDF28EE0830B562B2DD43B4B9E5D45AD8B0B53C5DAB96B2F57A507E010EEC51B95F39E27F1E511F2A99727EF8792615FBA7EF212FCBC2069C0C90C26472C7B03FBA20922E4A20758826481E5A6B6BB23C2D7137A98F9405EC3858CE187AA86C008D96A622719717A"}

[checkValue]:20Loans6000060001873824147274816537596201609026000060002810249100000.000.00147274814196063201609026000060002851105NY14727481659269201603040005055873http://www.antxd.com/Hfcenter/apiBackLoans7

2016-09-02 00:42:45
[apiBackLoans]:{"BgRetUrl":"http:\/\/www.antxd.com\/Hfcenter\/apiBackLoans","ChkValue":"3D8EE0AFF14F7DB0911FDE93CDBBDBC512EBC3D48924B74E25D050D8EDF8C11E2F07D4D2C0FC7DB39B77A40B3E256D5C94784DA7336A011701D7A4E8084B11A0CA030A4F168469A87BBBA3BEDCBF3B607B734624793A6183F356EC90445EEF6C24D29DDF8113985889F816B30F5843201ABF0A74818687E7497CCC0565DF4BA3","CmdId":"Loans","Fee":"0.00","FeeObjFlag":"","FreezeTrxId":"201603040005055871","InAcctId":"MDT000001","InCustId":"6000060002851105","IsDefault":"N","IsUnFreeze":"Y","MerCustId":"6000060001873824","MerPriv":"6","OrdDate":"20160902","OrdId":"147274816461875","OutAcctId":"MDT000001","OutCustId":"6000060002809750","RespCode":"000","RespDesc":"\u6210\u529f","RespExt":"","SubOrdDate":"20160902","SubOrdId":"147274804711986","TransAmt":"100000.00","UnFreezeOrdId":"14727481648853"}

2016-09-02 00:42:45
[update user account] : UPDATE `yzh_user_account` SET `money` = '100000.00', `withdrawal_cash` = '100000.00'
WHERE `uid` = '27'

2016-09-02 00:42:45
[update user account] : UPDATE `yzh_tenderee_account` SET `money` = '100000.00', `withdrawal_cash` = '100000.00'
WHERE `uid` = '27'

2016-09-02 00:42:45
[update user account] : UPDATE `yzh_user_account` SET `money` = '1058925.53', `withdrawal_cash` = '1058925.53'
WHERE `uid` = '19'

2016-09-02 00:42:45
[update user account] : UPDATE `yzh_tenderee_account` SET `money` = '1058925.53', `withdrawal_cash` = '1058925.53'
WHERE `uid` = '19'

2016-09-02 00:42:45
[loans]:{"Version":"20","CmdId":"Loans","MerCustId":"6000060001873824","OrdId":"147274816561737","OrdDate":"20160902","OutCustId":"6000060002810230","TransAmt":"100000.00","Fee":"0.00","SubOrdId":"147274815962668","SubOrdDate":"20160902","InCustId":"6000060002851105","DivDetails":"","FeeObjFlag":"","IsDefault":"N","IsUnFreeze":"Y","UnFreezeOrdId":"14727481652520","FreezeTrxId":"201603040005055874","BgRetUrl":"http:\/\/www.antxd.com\/Hfcenter\/apiBackLoans","MerPriv":"8","ReqExt":"","ChkValue":"8243AD4F2AD057EE364DD80EE73F290C7D8A19B320D3C4CC46895DE94E62FA7A42BBF24656A7F624E1D4EE1686D13908DE650F3F8374E4E74E82C664920308536ACDFE8D7891E619E6BBEDEAA1E4118B0F46266E321C46DEFAC7A9F8CB0EA6FC4D47F87050B5E0B60023915F862A355BC098EB67957AB3EE06E4844D0AC5792E"}

[checkValue]:20Loans6000060001873824147274816561737201609026000060002810230100000.000.00147274815962668201609026000060002851105NY14727481652520201603040005055874http://www.antxd.com/Hfcenter/apiBackLoans8

2016-09-02 00:42:46
[apiBackLoans]:{"BgRetUrl":"http:\/\/www.antxd.com\/Hfcenter\/apiBackLoans","ChkValue":"A5A91989F6C450F5A905674758FF50EEBD170C538AAE73319203127F0F27868AE0AAFC3296265BFDDB5E509A6B8C5FF08CFB0720BF7C34A175EDD7C9B85E8287C091BE9E410ABA413BE1314BD88326C5BBCE95FA87A7E02DAE090C1C466A73B2DB03EDA15470E2DD00D9361D5FCD6E0C58664D49D7550812A2B5094B31ECC445","CmdId":"Loans","Fee":"0.00","FeeObjFlag":"","FreezeTrxId":"201603040005055873","InAcctId":"MDT000001","InCustId":"6000060002851105","IsDefault":"N","IsUnFreeze":"Y","MerCustId":"6000060001873824","MerPriv":"7","OrdDate":"20160902","OrdId":"147274816537596","OutAcctId":"MDT000001","OutCustId":"6000060002810249","RespCode":"000","RespDesc":"\u6210\u529f","RespExt":"","SubOrdDate":"20160902","SubOrdId":"147274814196063","TransAmt":"100000.00","UnFreezeOrdId":"14727481659269"}

2016-09-02 00:42:46
[update user account] : UPDATE `yzh_user_account` SET `money` = '300000.00', `withdrawal_cash` = '300000.00'
WHERE `uid` = '27'

2016-09-02 00:42:46
[update user account] : UPDATE `yzh_tenderee_account` SET `money` = '300000.00', `withdrawal_cash` = '300000.00'
WHERE `uid` = '27'

2016-09-02 00:42:46
[apiBackLoans]:{"BgRetUrl":"http:\/\/www.antxd.com\/Hfcenter\/apiBackLoans","ChkValue":"213EBAFB6CFB488BD4033473538C7E592D9EF8C6FDC92B5ECC2029934FDB60A0287053D5D75E405048EAC659EDB3320830B0370E07C51702791866A0A19C9C027C5D451ECF146979934016BCD448D5CCA6B8EE6ADEE88D04CD23847E0887040DE442E2FCE25A37429430674270C5E0BAB18A1E0984F2290D2A50F82EC7A2C88B","CmdId":"Loans","Fee":"0.00","FeeObjFlag":"","FreezeTrxId":"201603040005055874","InAcctId":"MDT000001","InCustId":"6000060002851105","IsDefault":"N","IsUnFreeze":"Y","MerCustId":"6000060001873824","MerPriv":"8","OrdDate":"20160902","OrdId":"147274816561737","OutAcctId":"MDT000001","OutCustId":"6000060002810230","RespCode":"000","RespDesc":"\u6210\u529f","RespExt":"","SubOrdDate":"20160902","SubOrdId":"147274815962668","TransAmt":"100000.00","UnFreezeOrdId":"14727481652520"}

2016-09-02 00:42:46
[update user account] : UPDATE `yzh_user_account` SET `money` = '490000.00', `withdrawal_cash` = '490000.00'
WHERE `uid` = '22'

2016-09-02 00:42:46
[update user account] : UPDATE `yzh_tenderee_account` SET `money` = '490000.00', `withdrawal_cash` = '490000.00'
WHERE `uid` = '22'

2016-09-02 00:42:47
[update user account] : UPDATE `yzh_user_account` SET `money` = '300000.00', `withdrawal_cash` = '300000.00'
WHERE `uid` = '27'

2016-09-02 00:42:47
[update user account] : UPDATE `yzh_tenderee_account` SET `money` = '300000.00', `withdrawal_cash` = '300000.00'
WHERE `uid` = '27'

2016-09-02 00:42:47
[update user account] : UPDATE `yzh_user_account` SET `money` = '1486627.45', `withdrawal_cash` = '1486627.45'
WHERE `uid` = '21'

2016-09-02 00:42:47
[update user account] : UPDATE `yzh_tenderee_account` SET `money` = '1486627.45', `withdrawal_cash` = '1486627.45'
WHERE `uid` = '21'
